# JRE version: OpenJDK Runtime Environment (8.0_242) (build 1.8.0_242-release-1644-b3-6222593)
# Java VM: OpenJDK 64-Bit Server VM (25.242-b3-6222593 mixed mode linux-amd64 compressed oops)
Heap:
 PSYoungGen      total 241152K, used 14312K [0x00000000d5580000, 0x00000000e4f00000, 0x0000000100000000)
  eden space 226816K, 0% used [0x00000000d5580000,0x00000000d5580000,0x00000000e3300000)
  from space 14336K, 99% used [0x00000000e3300000,0x00000000e40fa3f8,0x00000000e4100000)
  to   space 12800K, 0% used [0x00000000e4280000,0x00000000e4280000,0x00000000e4f00000)
 ParOldGen       total 69120K, used 18585K [0x0000000080000000, 0x0000000084380000, 0x00000000d5580000)
  object space 69120K, 26% used [0x0000000080000000,0x0000000081226790,0x0000000084380000)
 Metaspace       used 45266K, capacity 47036K, committed 47144K, reserved 1089536K
  class space    used 6108K, capacity 6440K, committed 6440K, reserved 1048576K
GC Heap History (10 events):
Event: 5,167 GC heap after
Heap after GC invocations=6 (full 0):
 PSYoungGen      total 135680K, used 5276K [0x00000000d5580000, 0x00000000de580000, 0x0000000100000000)
  eden space 124928K, 0% used [0x00000000d5580000,0x00000000d5580000,0x00000000dcf80000)
  from space 10752K, 49% used [0x00000000ddb00000,0x00000000de027020,0x00000000de580000)
  to   space 11264K, 0% used [0x00000000dcf80000,0x00000000dcf80000,0x00000000dda80000)
 ParOldGen       total 83456K, used 9705K [0x0000000080000000, 0x0000000085180000, 0x00000000d5580000)
  object space 83456K, 11% used [0x0000000080000000,0x000000008097a4d8,0x0000000085180000)
 Metaspace       used 20478K, capacity 21152K, committed 21296K, reserved 1067008K
  class space    used 2867K, capacity 3074K, committed 3120K, reserved 1048576K
}
Event: 5,167 GC heap before
{Heap before GC invocations=7 (full 1):
 PSYoungGen      total 135680K, used 5276K [0x00000000d5580000, 0x00000000de580000, 0x0000000100000000)
  eden space 124928K, 0% used [0x00000000d5580000,0x00000000d5580000,0x00000000dcf80000)
  from space 10752K, 49% used [0x00000000ddb00000,0x00000000de027020,0x00000000de580000)
  to   space 11264K, 0% used [0x00000000dcf80000,0x00000000dcf80000,0x00000000dda80000)
 ParOldGen       total 83456K, used 9705K [0x0000000080000000, 0x0000000085180000, 0x00000000d5580000)
  object space 83456K, 11% used [0x0000000080000000,0x000000008097a4d8,0x0000000085180000)
 Metaspace       used 20478K, capacity 21152K, committed 21296K, reserved 1067008K
  class space    used 2867K, capacity 3074K, committed 3120K, reserved 1048576K
Event: 5,238 GC heap after
Heap after GC invocations=7 (full 1):
 PSYoungGen      total 135680K, used 0K [0x00000000d5580000, 0x00000000de580000, 0x0000000100000000)
  eden space 124928K, 0% used [0x00000000d5580000,0x00000000d5580000,0x00000000dcf80000)
  from space 10752K, 0% used [0x00000000ddb00000,0x00000000ddb00000,0x00000000de580000)
  to   space 11264K, 0% used [0x00000000dcf80000,0x00000000dcf80000,0x00000000dda80000)
 ParOldGen       total 48128K, used 6710K [0x0000000080000000, 0x0000000082f00000, 0x00000000d5580000)
  object space 48128K, 13% used [0x0000000080000000,0x000000008068dbf8,0x0000000082f00000)
 Metaspace       used 20478K, capacity 21152K, committed 21296K, reserved 1067008K
  class space    used 2867K, capacity 3074K, committed 3120K, reserved 1048576K
}
Event: 8,841 GC heap before
{Heap before GC invocations=8 (full 1):
 PSYoungGen      total 135680K, used 124928K [0x00000000d5580000, 0x00000000de580000, 0x0000000100000000)
  eden space 124928K, 100% used [0x00000000d5580000,0x00000000dcf80000,0x00000000dcf80000)
  from space 10752K, 0% used [0x00000000ddb00000,0x00000000ddb00000,0x00000000de580000)
  to   space 11264K, 0% used [0x00000000dcf80000,0x00000000dcf80000,0x00000000dda80000)
 ParOldGen       total 48128K, used 6710K [0x0000000080000000, 0x0000000082f00000, 0x00000000d5580000)
  object space 48128K, 13% used [0x0000000080000000,0x000000008068dbf8,0x0000000082f00000)
 Metaspace       used 32453K, capacity 33480K, committed 33712K, reserved 1079296K
  class space    used 4410K, capacity 4686K, committed 4784K, reserved 1048576K
Event: 8,893 GC heap after
Heap after GC invocations=8 (full 1):
 PSYoungGen      total 136192K, used 11255K [0x00000000d5580000, 0x00000000e5080000, 0x0000000100000000)
  eden space 124928K, 0% used [0x00000000d5580000,0x00000000d5580000,0x00000000dcf80000)
  from space 11264K, 99% used [0x00000000dcf80000,0x00000000dda7dd40,0x00000000dda80000)
  to   space 14336K, 0% used [0x00000000e4280000,0x00000000e4280000,0x00000000e5080000)
 ParOldGen       total 48128K, used 9263K [0x0000000080000000, 0x0000000082f00000, 0x00000000d5580000)
  object space 48128K, 19% used [0x0000000080000000,0x000000008090bc80,0x0000000082f00000)
 Metaspace       used 32453K, capacity 33480K, committed 33712K, reserved 1079296K
  class space    used 4410K, capacity 4686K, committed 4784K, reserved 1048576K
}
Event: 9,774 GC heap before
{Heap before GC invocations=9 (full 1):
 PSYoungGen      total 136192K, used 60063K [0x00000000d5580000, 0x00000000e5080000, 0x0000000100000000)
  eden space 124928K, 39% used [0x00000000d5580000,0x00000000d8529fb8,0x00000000dcf80000)
  from space 11264K, 99% used [0x00000000dcf80000,0x00000000dda7dd40,0x00000000dda80000)
  to   space 14336K, 0% used [0x00000000e4280000,0x00000000e4280000,0x00000000e5080000)
 ParOldGen       total 48128K, used 9263K [0x0000000080000000, 0x0000000082f00000, 0x00000000d5580000)
  object space 48128K, 19% used [0x0000000080000000,0x000000008090bc80,0x0000000082f00000)
 Metaspace       used 34265K, capacity 35354K, committed 35496K, reserved 1079296K
  class space    used 4704K, capacity 4938K, committed 5032K, reserved 1048576K
Event: 9,814 GC heap after
Heap after GC invocations=9 (full 1):
 PSYoungGen      total 239616K, used 9107K [0x00000000d5580000, 0x00000000e4f00000, 0x0000000100000000)
  eden space 226816K, 0% used [0x00000000d5580000,0x00000000d5580000,0x00000000e3300000)
  from space 12800K, 71% used [0x00000000e4280000,0x00000000e4b64c80,0x00000000e4f00000)
  to   space 14336K, 0% used [0x00000000e3300000,0x00000000e3300000,0x00000000e4100000)
 ParOldGen       total 48128K, used 9263K [0x0000000080000000, 0x0000000082f00000, 0x00000000d5580000)
  object space 48128K, 19% used [0x0000000080000000,0x000000008090bc80,0x0000000082f00000)
 Metaspace       used 34265K, capacity 35354K, committed 35496K, reserved 1079296K
  class space    used 4704K, capacity 4938K, committed 5032K, reserved 1048576K
}
Event: 9,814 GC heap before
{Heap before GC invocations=10 (full 2):
 PSYoungGen      total 239616K, used 9107K [0x00000000d5580000, 0x00000000e4f00000, 0x0000000100000000)
  eden space 226816K, 0% used [0x00000000d5580000,0x00000000d5580000,0x00000000e3300000)
  from space 12800K, 71% used [0x00000000e4280000,0x00000000e4b64c80,0x00000000e4f00000)
  to   space 14336K, 0% used [0x00000000e3300000,0x00000000e3300000,0x00000000e4100000)
 ParOldGen       total 48128K, used 9263K [0x0000000080000000, 0x0000000082f00000, 0x00000000d5580000)
  object space 48128K, 19% used [0x0000000080000000,0x000000008090bc80,0x0000000082f00000)
 Metaspace       used 34265K, capacity 35354K, committed 35496K, reserved 1079296K
  class space    used 4704K, capacity 4938K, committed 5032K, reserved 1048576K
Event: 10,036 GC heap after
Heap after GC invocations=10 (full 2):
 PSYoungGen      total 239616K, used 0K [0x00000000d5580000, 0x00000000e4f00000, 0x0000000100000000)
  eden space 226816K, 0% used [0x00000000d5580000,0x00000000d5580000,0x00000000e3300000)
  from space 12800K, 0% used [0x00000000e4280000,0x00000000e4280000,0x00000000e4f00000)
  to   space 14336K, 0% used [0x00000000e3300000,0x00000000e3300000,0x00000000e4100000)
 ParOldGen       total 69120K, used 15445K [0x0000000080000000, 0x0000000084380000, 0x00000000d5580000)
  object space 69120K, 22% used [0x0000000080000000,0x0000000080f154f8,0x0000000084380000)
 Metaspace       used 34265K, capacity 35354K, committed 35496K, reserved 1079296K
  class space    used 4704K, capacity 4938K, committed 5032K, reserved 1048576K
}
Event: 15,909 GC heap before
{Heap before GC invocations=11 (full 2):
 PSYoungGen      total 239616K, used 226816K [0x00000000d5580000, 0x00000000e4f00000, 0x0000000100000000)
  eden space 226816K, 100% used [0x00000000d5580000,0x00000000e3300000,0x00000000e3300000)
  from space 12800K, 0% used [0x00000000e4280000,0x00000000e4280000,0x00000000e4f00000)
  to   space 14336K, 0% used [0x00000000e3300000,0x00000000e3300000,0x00000000e4100000)
 ParOldGen       total 69120K, used 15445K [0x0000000080000000, 0x0000000084380000, 0x00000000d5580000)
  object space 69120K, 22% used [0x0000000080000000,0x0000000080f154f8,0x0000000084380000)
 Metaspace       used 45266K, capacity 47036K, committed 47144K, reserved 1089536K
  class space    used 6108K, capacity 6440K, committed 6440K, reserved 1048576K

