# JRE version: OpenJDK Runtime Environment (8.0_242) (build 1.8.0_242-release-1644-b3-6222593)
# Java VM: OpenJDK 64-Bit Server VM (25.242-b3-6222593 mixed mode linux-amd64 compressed oops)
Heap:
 PSYoungGen      total 240640K, used 13750K [0x00000000d5580000, 0x00000000e4f00000, 0x0000000100000000)
  eden space 226304K, 0% used [0x00000000d5580000,0x00000000d5580000,0x00000000e3280000)
  from space 14336K, 95% used [0x00000000e3280000,0x00000000e3fed8e0,0x00000000e4080000)
  to   space 14336K, 0% used [0x00000000e4080000,0x00000000e4080000,0x00000000e4e80000)
 ParOldGen       total 69120K, used 15420K [0x0000000080000000, 0x0000000084380000, 0x00000000d5580000)
  object space 69120K, 22% used [0x0000000080000000,0x0000000080f0f288,0x0000000084380000)
 Metaspace       used 43815K, capacity 45590K, committed 45992K, reserved 1089536K
  class space    used 5915K, capacity 6243K, committed 6320K, reserved 1048576K
GC Heap History (10 events):
Event: 4,613 GC heap after
Heap after GC invocations=6 (full 0):
 PSYoungGen      total 135680K, used 5404K [0x00000000d5580000, 0x00000000de580000, 0x0000000100000000)
  eden space 124928K, 0% used [0x00000000d5580000,0x00000000d5580000,0x00000000dcf80000)
  from space 10752K, 50% used [0x00000000ddb00000,0x00000000de047020,0x00000000de580000)
  to   space 11264K, 0% used [0x00000000dcf80000,0x00000000dcf80000,0x00000000dda80000)
 ParOldGen       total 83456K, used 9682K [0x0000000080000000, 0x0000000085180000, 0x00000000d5580000)
  object space 83456K, 11% used [0x0000000080000000,0x0000000080974900,0x0000000085180000)
 Metaspace       used 20584K, capacity 21216K, committed 21296K, reserved 1067008K
  class space    used 2882K, capacity 3074K, committed 3120K, reserved 1048576K
}
Event: 4,613 GC heap before
{Heap before GC invocations=7 (full 1):
 PSYoungGen      total 135680K, used 5404K [0x00000000d5580000, 0x00000000de580000, 0x0000000100000000)
  eden space 124928K, 0% used [0x00000000d5580000,0x00000000d5580000,0x00000000dcf80000)
  from space 10752K, 50% used [0x00000000ddb00000,0x00000000de047020,0x00000000de580000)
  to   space 11264K, 0% used [0x00000000dcf80000,0x00000000dcf80000,0x00000000dda80000)
 ParOldGen       total 83456K, used 9682K [0x0000000080000000, 0x0000000085180000, 0x00000000d5580000)
  object space 83456K, 11% used [0x0000000080000000,0x0000000080974900,0x0000000085180000)
 Metaspace       used 20584K, capacity 21216K, committed 21296K, reserved 1067008K
  class space    used 2882K, capacity 3074K, committed 3120K, reserved 1048576K
Event: 4,670 GC heap after
Heap after GC invocations=7 (full 1):
 PSYoungGen      total 135680K, used 0K [0x00000000d5580000, 0x00000000de580000, 0x0000000100000000)
  eden space 124928K, 0% used [0x00000000d5580000,0x00000000d5580000,0x00000000dcf80000)
  from space 10752K, 0% used [0x00000000ddb00000,0x00000000ddb00000,0x00000000de580000)
  to   space 11264K, 0% used [0x00000000dcf80000,0x00000000dcf80000,0x00000000dda80000)
 ParOldGen       total 48640K, used 6817K [0x0000000080000000, 0x0000000082f80000, 0x00000000d5580000)
  object space 48640K, 14% used [0x0000000080000000,0x00000000806a8678,0x0000000082f80000)
 Metaspace       used 20584K, capacity 21216K, committed 21296K, reserved 1067008K
  class space    used 2882K, capacity 3074K, committed 3120K, reserved 1048576K
}
Event: 7,631 GC heap before
{Heap before GC invocations=8 (full 1):
 PSYoungGen      total 135680K, used 124928K [0x00000000d5580000, 0x00000000de580000, 0x0000000100000000)
  eden space 124928K, 100% used [0x00000000d5580000,0x00000000dcf80000,0x00000000dcf80000)
  from space 10752K, 0% used [0x00000000ddb00000,0x00000000ddb00000,0x00000000de580000)
  to   space 11264K, 0% used [0x00000000dcf80000,0x00000000dcf80000,0x00000000dda80000)
 ParOldGen       total 48640K, used 6817K [0x0000000080000000, 0x0000000082f80000, 0x00000000d5580000)
  object space 48640K, 14% used [0x0000000080000000,0x00000000806a8678,0x0000000082f80000)
 Metaspace       used 32496K, capacity 33480K, committed 33712K, reserved 1079296K
  class space    used 4416K, capacity 4686K, committed 4784K, reserved 1048576K
Event: 7,654 GC heap after
Heap after GC invocations=8 (full 1):
 PSYoungGen      total 136192K, used 11255K [0x00000000d5580000, 0x00000000e4e80000, 0x0000000100000000)
  eden space 124928K, 0% used [0x00000000d5580000,0x00000000d5580000,0x00000000dcf80000)
  from space 11264K, 99% used [0x00000000dcf80000,0x00000000dda7de88,0x00000000dda80000)
  to   space 14336K, 0% used [0x00000000e4080000,0x00000000e4080000,0x00000000e4e80000)
 ParOldGen       total 48640K, used 9275K [0x0000000080000000, 0x0000000082f80000, 0x00000000d5580000)
  object space 48640K, 19% used [0x0000000080000000,0x000000008090ee18,0x0000000082f80000)
 Metaspace       used 32496K, capacity 33480K, committed 33712K, reserved 1079296K
  class space    used 4416K, capacity 4686K, committed 4784K, reserved 1048576K
}
Event: 8,211 GC heap before
{Heap before GC invocations=9 (full 1):
 PSYoungGen      total 136192K, used 58129K [0x00000000d5580000, 0x00000000e4e80000, 0x0000000100000000)
  eden space 124928K, 37% used [0x00000000d5580000,0x00000000d8346948,0x00000000dcf80000)
  from space 11264K, 99% used [0x00000000dcf80000,0x00000000dda7de88,0x00000000dda80000)
  to   space 14336K, 0% used [0x00000000e4080000,0x00000000e4080000,0x00000000e4e80000)
 ParOldGen       total 48640K, used 9275K [0x0000000080000000, 0x0000000082f80000, 0x00000000d5580000)
  object space 48640K, 19% used [0x0000000080000000,0x000000008090ee18,0x0000000082f80000)
 Metaspace       used 34256K, capacity 35386K, committed 35496K, reserved 1079296K
  class space    used 4703K, capacity 4970K, committed 5040K, reserved 1048576K
Event: 8,244 GC heap after
Heap after GC invocations=9 (full 1):
 PSYoungGen      total 240640K, used 9076K [0x00000000d5580000, 0x00000000e4f00000, 0x0000000100000000)
  eden space 226304K, 0% used [0x00000000d5580000,0x00000000d5580000,0x00000000e3280000)
  from space 14336K, 63% used [0x00000000e4080000,0x00000000e495d158,0x00000000e4e80000)
  to   space 14336K, 0% used [0x00000000e3280000,0x00000000e3280000,0x00000000e4080000)
 ParOldGen       total 48640K, used 9283K [0x0000000080000000, 0x0000000082f80000, 0x00000000d5580000)
  object space 48640K, 19% used [0x0000000080000000,0x0000000080910e18,0x0000000082f80000)
 Metaspace       used 34256K, capacity 35386K, committed 35496K, reserved 1079296K
  class space    used 4703K, capacity 4970K, committed 5040K, reserved 1048576K
}
Event: 8,244 GC heap before
{Heap before GC invocations=10 (full 2):
 PSYoungGen      total 240640K, used 9076K [0x00000000d5580000, 0x00000000e4f00000, 0x0000000100000000)
  eden space 226304K, 0% used [0x00000000d5580000,0x00000000d5580000,0x00000000e3280000)
  from space 14336K, 63% used [0x00000000e4080000,0x00000000e495d158,0x00000000e4e80000)
  to   space 14336K, 0% used [0x00000000e3280000,0x00000000e3280000,0x00000000e4080000)
 ParOldGen       total 48640K, used 9283K [0x0000000080000000, 0x0000000082f80000, 0x00000000d5580000)
  object space 48640K, 19% used [0x0000000080000000,0x0000000080910e18,0x0000000082f80000)
 Metaspace       used 34256K, capacity 35386K, committed 35496K, reserved 1079296K
  class space    used 4703K, capacity 4970K, committed 5040K, reserved 1048576K
Event: 8,378 GC heap after
Heap after GC invocations=10 (full 2):
 PSYoungGen      total 240640K, used 0K [0x00000000d5580000, 0x00000000e4f00000, 0x0000000100000000)
  eden space 226304K, 0% used [0x00000000d5580000,0x00000000d5580000,0x00000000e3280000)
  from space 14336K, 0% used [0x00000000e4080000,0x00000000e4080000,0x00000000e4e80000)
  to   space 14336K, 0% used [0x00000000e3280000,0x00000000e3280000,0x00000000e4080000)
 ParOldGen       total 69120K, used 15412K [0x0000000080000000, 0x0000000084380000, 0x00000000d5580000)
  object space 69120K, 22% used [0x0000000080000000,0x0000000080f0d288,0x0000000084380000)
 Metaspace       used 34256K, capacity 35386K, committed 35496K, reserved 1079296K
  class space    used 4703K, capacity 4970K, committed 5040K, reserved 1048576K
}
Event: 12,519 GC heap before
{Heap before GC invocations=11 (full 2):
 PSYoungGen      total 240640K, used 226304K [0x00000000d5580000, 0x00000000e4f00000, 0x0000000100000000)
  eden space 226304K, 100% used [0x00000000d5580000,0x00000000e3280000,0x00000000e3280000)
  from space 14336K, 0% used [0x00000000e4080000,0x00000000e4080000,0x00000000e4e80000)
  to   space 14336K, 0% used [0x00000000e3280000,0x00000000e3280000,0x00000000e4080000)
 ParOldGen       total 69120K, used 15412K [0x0000000080000000, 0x0000000084380000, 0x00000000d5580000)
  object space 69120K, 22% used [0x0000000080000000,0x0000000080f0d288,0x0000000084380000)
 Metaspace       used 43815K, capacity 45590K, committed 45992K, reserved 1089536K
  class space    used 5915K, capacity 6243K, committed 6320K, reserved 1048576K

