# JRE version: OpenJDK Runtime Environment (8.0_242) (build 1.8.0_242-release-1644-b3-6222593)
# Java VM: OpenJDK 64-Bit Server VM (25.242-b3-6222593 mixed mode linux-amd64 compressed oops)
Heap:
 PSYoungGen      total 130048K, used 5092K [0x00000000d5580000, 0x00000000dd980000, 0x0000000100000000)
  eden space 124928K, 0% used [0x00000000d5580000,0x00000000d5580000,0x00000000dcf80000)
  from space 5120K, 99% used [0x00000000dcf80000,0x00000000dd479060,0x00000000dd480000)
  to   space 5120K, 0% used [0x00000000dd480000,0x00000000dd480000,0x00000000dd980000)
 ParOldGen       total 83456K, used 10752K [0x0000000080000000, 0x0000000085180000, 0x00000000d5580000)
  object space 83456K, 12% used [0x0000000080000000,0x0000000080a80298,0x0000000085180000)
 Metaspace       used 20566K, capacity 21216K, committed 21296K, reserved 1067008K
  class space    used 2883K, capacity 3074K, committed 3120K, reserved 1048576K
GC Heap History (9 events):
Event: 1,770 GC heap before
{Heap before GC invocations=1 (full 0):
 PSYoungGen      total 36352K, used 31232K [0x00000000d5580000, 0x00000000d7e00000, 0x0000000100000000)
  eden space 31232K, 100% used [0x00000000d5580000,0x00000000d7400000,0x00000000d7400000)
  from space 5120K, 0% used [0x00000000d7900000,0x00000000d7900000,0x00000000d7e00000)
  to   space 5120K, 0% used [0x00000000d7400000,0x00000000d7400000,0x00000000d7900000)
 ParOldGen       total 83456K, used 0K [0x0000000080000000, 0x0000000085180000, 0x00000000d5580000)
  object space 83456K, 0% used [0x0000000080000000,0x0000000080000000,0x0000000085180000)
 Metaspace       used 7124K, capacity 7390K, committed 7680K, reserved 1056768K
  class space    used 886K, capacity 973K, committed 1024K, reserved 1048576K
Event: 1,788 GC heap after
Heap after GC invocations=1 (full 0):
 PSYoungGen      total 36352K, used 4244K [0x00000000d5580000, 0x00000000d9c80000, 0x0000000100000000)
  eden space 31232K, 0% used [0x00000000d5580000,0x00000000d5580000,0x00000000d7400000)
  from space 5120K, 82% used [0x00000000d7400000,0x00000000d7825010,0x00000000d7900000)
  to   space 5120K, 0% used [0x00000000d9780000,0x00000000d9780000,0x00000000d9c80000)
 ParOldGen       total 83456K, used 0K [0x0000000080000000, 0x0000000085180000, 0x00000000d5580000)
  object space 83456K, 0% used [0x0000000080000000,0x0000000080000000,0x0000000085180000)
 Metaspace       used 7124K, capacity 7390K, committed 7680K, reserved 1056768K
  class space    used 886K, capacity 973K, committed 1024K, reserved 1048576K
}
Event: 2,293 GC heap before
{Heap before GC invocations=2 (full 0):
 PSYoungGen      total 36352K, used 35476K [0x00000000d5580000, 0x00000000d9c80000, 0x0000000100000000)
  eden space 31232K, 100% used [0x00000000d5580000,0x00000000d7400000,0x00000000d7400000)
  from space 5120K, 82% used [0x00000000d7400000,0x00000000d7825010,0x00000000d7900000)
  to   space 5120K, 0% used [0x00000000d9780000,0x00000000d9780000,0x00000000d9c80000)
 ParOldGen       total 83456K, used 0K [0x0000000080000000, 0x0000000085180000, 0x00000000d5580000)
  object space 83456K, 0% used [0x0000000080000000,0x0000000080000000,0x0000000085180000)
 Metaspace       used 7536K, capacity 7798K, committed 8064K, reserved 1056768K
  class space    used 954K, capacity 1045K, committed 1152K, reserved 1048576K
Event: 2,299 GC heap after
Heap after GC invocations=2 (full 0):
 PSYoungGen      total 67584K, used 3565K [0x00000000d5580000, 0x00000000d9c80000, 0x0000000100000000)
  eden space 62464K, 0% used [0x00000000d5580000,0x00000000d5580000,0x00000000d9280000)
  from space 5120K, 69% used [0x00000000d9780000,0x00000000d9afb7e0,0x00000000d9c80000)
  to   space 5120K, 0% used [0x00000000d9280000,0x00000000d9280000,0x00000000d9780000)
 ParOldGen       total 83456K, used 8K [0x0000000080000000, 0x0000000085180000, 0x00000000d5580000)
  object space 83456K, 0% used [0x0000000080000000,0x0000000080002000,0x0000000085180000)
 Metaspace       used 7536K, capacity 7798K, committed 8064K, reserved 1056768K
  class space    used 954K, capacity 1045K, committed 1152K, reserved 1048576K
}
Event: 3,733 GC heap before
{Heap before GC invocations=3 (full 0):
 PSYoungGen      total 67584K, used 66029K [0x00000000d5580000, 0x00000000d9c80000, 0x0000000100000000)
  eden space 62464K, 100% used [0x00000000d5580000,0x00000000d9280000,0x00000000d9280000)
  from space 5120K, 69% used [0x00000000d9780000,0x00000000d9afb7e0,0x00000000d9c80000)
  to   space 5120K, 0% used [0x00000000d9280000,0x00000000d9280000,0x00000000d9780000)
 ParOldGen       total 83456K, used 8K [0x0000000080000000, 0x0000000085180000, 0x00000000d5580000)
  object space 83456K, 0% used [0x0000000080000000,0x0000000080002000,0x0000000085180000)
 Metaspace       used 14930K, capacity 15444K, committed 15744K, reserved 1062912K
  class space    used 1971K, capacity 2120K, committed 2176K, reserved 1048576K
Event: 3,751 GC heap after
Heap after GC invocations=3 (full 0):
 PSYoungGen      total 67584K, used 5104K [0x00000000d5580000, 0x00000000dd980000, 0x0000000100000000)
  eden space 62464K, 0% used [0x00000000d5580000,0x00000000d5580000,0x00000000d9280000)
  from space 5120K, 99% used [0x00000000d9280000,0x00000000d977c040,0x00000000d9780000)
  to   space 5120K, 0% used [0x00000000dd480000,0x00000000dd480000,0x00000000dd980000)
 ParOldGen       total 83456K, used 3983K [0x0000000080000000, 0x0000000085180000, 0x00000000d5580000)
  object space 83456K, 4% used [0x0000000080000000,0x00000000803e3f70,0x0000000085180000)
 Metaspace       used 14930K, capacity 15444K, committed 15744K, reserved 1062912K
  class space    used 1971K, capacity 2120K, committed 2176K, reserved 1048576K
}
Event: 5,137 GC heap before
{Heap before GC invocations=4 (full 0):
 PSYoungGen      total 67584K, used 67568K [0x00000000d5580000, 0x00000000dd980000, 0x0000000100000000)
  eden space 62464K, 100% used [0x00000000d5580000,0x00000000d9280000,0x00000000d9280000)
  from space 5120K, 99% used [0x00000000d9280000,0x00000000d977c040,0x00000000d9780000)
  to   space 5120K, 0% used [0x00000000dd480000,0x00000000dd480000,0x00000000dd980000)
 ParOldGen       total 83456K, used 3983K [0x0000000080000000, 0x0000000085180000, 0x00000000d5580000)
  object space 83456K, 4% used [0x0000000080000000,0x00000000803e3f70,0x0000000085180000)
 Metaspace       used 19971K, capacity 20640K, committed 20736K, reserved 1067008K
  class space    used 2794K, capacity 3010K, committed 3072K, reserved 1048576K
Event: 5,161 GC heap after
Heap after GC invocations=4 (full 0):
 PSYoungGen      total 130048K, used 5108K [0x00000000d5580000, 0x00000000dd980000, 0x0000000100000000)
  eden space 124928K, 0% used [0x00000000d5580000,0x00000000d5580000,0x00000000dcf80000)
  from space 5120K, 99% used [0x00000000dd480000,0x00000000dd97d050,0x00000000dd980000)
  to   space 5120K, 0% used [0x00000000dcf80000,0x00000000dcf80000,0x00000000dd480000)
 ParOldGen       total 83456K, used 10031K [0x0000000080000000, 0x0000000085180000, 0x00000000d5580000)
  object space 83456K, 12% used [0x0000000080000000,0x00000000809cbc10,0x0000000085180000)
 Metaspace       used 19971K, capacity 20640K, committed 20736K, reserved 1067008K
  class space    used 2794K, capacity 3010K, committed 3072K, reserved 1048576K
}
Event: 5,460 GC heap before
{Heap before GC invocations=5 (full 0):
 PSYoungGen      total 130048K, used 15544K [0x00000000d5580000, 0x00000000dd980000, 0x0000000100000000)
  eden space 124928K, 8% used [0x00000000d5580000,0x00000000d5fb11c8,0x00000000dcf80000)
  from space 5120K, 99% used [0x00000000dd480000,0x00000000dd97d050,0x00000000dd980000)
  to   space 5120K, 0% used [0x00000000dcf80000,0x00000000dcf80000,0x00000000dd480000)
 ParOldGen       total 83456K, used 10031K [0x0000000080000000, 0x0000000085180000, 0x00000000d5580000)
  object space 83456K, 12% used [0x0000000080000000,0x00000000809cbc10,0x0000000085180000)
 Metaspace       used 20566K, capacity 21216K, committed 21296K, reserved 1067008K
  class space    used 2883K, capacity 3074K, committed 3120K, reserved 1048576K

