# JRE version: OpenJDK Runtime Environment (8.0_242) (build 1.8.0_242-release-1644-b3-6222593)
# Java VM: OpenJDK 64-Bit Server VM (25.242-b3-6222593 mixed mode linux-amd64 compressed oops)
Heap:
 PSYoungGen      total 411136K, used 30180K [0x00000000d5580000, 0x00000000f0880000, 0x0000000100000000)
  eden space 380928K, 0% used [0x00000000d5580000,0x00000000d5580000,0x00000000ec980000)
  from space 30208K, 99% used [0x00000000ecd80000,0x00000000eeaf90f0,0x00000000eeb00000)
  to   space 23552K, 0% used [0x00000000ef180000,0x00000000ef180000,0x00000000f0880000)
 ParOldGen       total 108544K, used 68847K [0x0000000080000000, 0x0000000086a00000, 0x00000000d5580000)
  object space 108544K, 63% used [0x0000000080000000,0x000000008433bcb0,0x0000000086a00000)
 Metaspace       used 92089K, capacity 96856K, committed 97176K, reserved 1132544K
  class space    used 12167K, capacity 13141K, committed 13232K, reserved 1048576K
GC Heap History (10 events):
Event: 12,829 GC heap after
Heap after GC invocations=11 (full 2):
 PSYoungGen      total 239616K, used 14315K [0x00000000d5580000, 0x00000000eab00000, 0x0000000100000000)
  eden space 225280K, 0% used [0x00000000d5580000,0x00000000d5580000,0x00000000e3180000)
  from space 14336K, 99% used [0x00000000e3180000,0x00000000e3f7adc8,0x00000000e3f80000)
  to   space 17408K, 0% used [0x00000000e9a00000,0x00000000e9a00000,0x00000000eab00000)
 ParOldGen       total 68608K, used 18758K [0x0000000080000000, 0x0000000084300000, 0x00000000d5580000)
  object space 68608K, 27% used [0x0000000080000000,0x0000000081251880,0x0000000084300000)
 Metaspace       used 45285K, capacity 47106K, committed 47400K, reserved 1089536K
  class space    used 6110K, capacity 6441K, committed 6448K, reserved 1048576K
}
Event: 15,997 GC heap before
{Heap before GC invocations=12 (full 2):
 PSYoungGen      total 239616K, used 159205K [0x00000000d5580000, 0x00000000eab00000, 0x0000000100000000)
  eden space 225280K, 64% used [0x00000000d5580000,0x00000000de2fe938,0x00000000e3180000)
  from space 14336K, 99% used [0x00000000e3180000,0x00000000e3f7adc8,0x00000000e3f80000)
  to   space 17408K, 0% used [0x00000000e9a00000,0x00000000e9a00000,0x00000000eab00000)
 ParOldGen       total 68608K, used 18758K [0x0000000080000000, 0x0000000084300000, 0x00000000d5580000)
  object space 68608K, 27% used [0x0000000080000000,0x0000000081251880,0x0000000084300000)
 Metaspace       used 56820K, capacity 59036K, committed 59160K, reserved 1099776K
  class space    used 7696K, capacity 8141K, committed 8240K, reserved 1048576K
Event: 16,063 GC heap after
Heap after GC invocations=12 (full 2):
 PSYoungGen      total 326656K, used 17388K [0x00000000d5580000, 0x00000000eb180000, 0x0000000100000000)
  eden space 309248K, 0% used [0x00000000d5580000,0x00000000d5580000,0x00000000e8380000)
  from space 17408K, 99% used [0x00000000e9a00000,0x00000000eaafb340,0x00000000eab00000)
  to   space 23040K, 0% used [0x00000000e8380000,0x00000000e8380000,0x00000000e9a00000)
 ParOldGen       total 68608K, used 27492K [0x0000000080000000, 0x0000000084300000, 0x00000000d5580000)
  object space 68608K, 40% used [0x0000000080000000,0x0000000081ad92e8,0x0000000084300000)
 Metaspace       used 56820K, capacity 59036K, committed 59160K, reserved 1099776K
  class space    used 7696K, capacity 8141K, committed 8240K, reserved 1048576K
}
Event: 16,063 GC heap before
{Heap before GC invocations=13 (full 3):
 PSYoungGen      total 326656K, used 17388K [0x00000000d5580000, 0x00000000eb180000, 0x0000000100000000)
  eden space 309248K, 0% used [0x00000000d5580000,0x00000000d5580000,0x00000000e8380000)
  from space 17408K, 99% used [0x00000000e9a00000,0x00000000eaafb340,0x00000000eab00000)
  to   space 23040K, 0% used [0x00000000e8380000,0x00000000e8380000,0x00000000e9a00000)
 ParOldGen       total 68608K, used 27492K [0x0000000080000000, 0x0000000084300000, 0x00000000d5580000)
  object space 68608K, 40% used [0x0000000080000000,0x0000000081ad92e8,0x0000000084300000)
 Metaspace       used 56820K, capacity 59036K, committed 59160K, reserved 1099776K
  class space    used 7696K, capacity 8141K, committed 8240K, reserved 1048576K
Event: 16,549 GC heap after
Heap after GC invocations=13 (full 3):
 PSYoungGen      total 326656K, used 0K [0x00000000d5580000, 0x00000000eb180000, 0x0000000100000000)
  eden space 309248K, 0% used [0x00000000d5580000,0x00000000d5580000,0x00000000e8380000)
  from space 17408K, 0% used [0x00000000e9a00000,0x00000000e9a00000,0x00000000eab00000)
  to   space 23040K, 0% used [0x00000000e8380000,0x00000000e8380000,0x00000000e9a00000)
 ParOldGen       total 108544K, used 38479K [0x0000000080000000, 0x0000000086a00000, 0x00000000d5580000)
  object space 108544K, 35% used [0x0000000080000000,0x0000000082593cc0,0x0000000086a00000)
 Metaspace       used 56815K, capacity 59018K, committed 59160K, reserved 1099776K
  class space    used 7695K, capacity 8138K, committed 8240K, reserved 1048576K
}
Event: 24,786 GC heap before
{Heap before GC invocations=14 (full 3):
 PSYoungGen      total 326656K, used 309248K [0x00000000d5580000, 0x00000000eb180000, 0x0000000100000000)
  eden space 309248K, 100% used [0x00000000d5580000,0x00000000e8380000,0x00000000e8380000)
  from space 17408K, 0% used [0x00000000e9a00000,0x00000000e9a00000,0x00000000eab00000)
  to   space 23040K, 0% used [0x00000000e8380000,0x00000000e8380000,0x00000000e9a00000)
 ParOldGen       total 108544K, used 38479K [0x0000000080000000, 0x0000000086a00000, 0x00000000d5580000)
  object space 108544K, 35% used [0x0000000080000000,0x0000000082593cc0,0x0000000086a00000)
 Metaspace       used 68892K, capacity 71768K, committed 71960K, reserved 1112064K
  class space    used 9385K, capacity 9963K, committed 10032K, reserved 1048576K
Event: 24,859 GC heap after
Heap after GC invocations=14 (full 3):
 PSYoungGen      total 332288K, used 23032K [0x00000000d5580000, 0x00000000f0c80000, 0x0000000100000000)
  eden space 309248K, 0% used [0x00000000d5580000,0x00000000d5580000,0x00000000e8380000)
  from space 23040K, 99% used [0x00000000e8380000,0x00000000e99fe030,0x00000000e9a00000)
  to   space 27648K, 0% used [0x00000000ef180000,0x00000000ef180000,0x00000000f0c80000)
 ParOldGen       total 108544K, used 41645K [0x0000000080000000, 0x0000000086a00000, 0x00000000d5580000)
  object space 108544K, 38% used [0x0000000080000000,0x00000000828ab518,0x0000000086a00000)
 Metaspace       used 68892K, capacity 71768K, committed 71960K, reserved 1112064K
  class space    used 9385K, capacity 9963K, committed 10032K, reserved 1048576K
}
Event: 714,264 GC heap before
{Heap before GC invocations=15 (full 3):
 PSYoungGen      total 332288K, used 332280K [0x00000000d5580000, 0x00000000f0c80000, 0x0000000100000000)
  eden space 309248K, 100% used [0x00000000d5580000,0x00000000e8380000,0x00000000e8380000)
  from space 23040K, 99% used [0x00000000e8380000,0x00000000e99fe030,0x00000000e9a00000)
  to   space 27648K, 0% used [0x00000000ef180000,0x00000000ef180000,0x00000000f0c80000)
 ParOldGen       total 108544K, used 41645K [0x0000000080000000, 0x0000000086a00000, 0x00000000d5580000)
  object space 108544K, 38% used [0x0000000080000000,0x00000000828ab518,0x0000000086a00000)
 Metaspace       used 80675K, capacity 84398K, committed 84632K, reserved 1122304K
  class space    used 10606K, capacity 11316K, committed 11440K, reserved 1048576K
Event: 714,411 GC heap after
Heap after GC invocations=15 (full 3):
 PSYoungGen      total 404480K, used 23449K [0x00000000d5580000, 0x00000000f0880000, 0x0000000100000000)
  eden space 380928K, 0% used [0x00000000d5580000,0x00000000d5580000,0x00000000ec980000)
  from space 23552K, 99% used [0x00000000ef180000,0x00000000f0866460,0x00000000f0880000)
  to   space 30208K, 0% used [0x00000000ecd80000,0x00000000ecd80000,0x00000000eeb00000)
 ParOldGen       total 108544K, used 57317K [0x0000000080000000, 0x0000000086a00000, 0x00000000d5580000)
  object space 108544K, 52% used [0x0000000080000000,0x00000000837f9420,0x0000000086a00000)
 Metaspace       used 80675K, capacity 84398K, committed 84632K, reserved 1122304K
  class space    used 10606K, capacity 11316K, committed 11440K, reserved 1048576K
}
Event: 813,514 GC heap before
{Heap before GC invocations=16 (full 3):
 PSYoungGen      total 404480K, used 404377K [0x00000000d5580000, 0x00000000f0880000, 0x0000000100000000)
  eden space 380928K, 100% used [0x00000000d5580000,0x00000000ec980000,0x00000000ec980000)
  from space 23552K, 99% used [0x00000000ef180000,0x00000000f0866460,0x00000000f0880000)
  to   space 30208K, 0% used [0x00000000ecd80000,0x00000000ecd80000,0x00000000eeb00000)
 ParOldGen       total 108544K, used 57317K [0x0000000080000000, 0x0000000086a00000, 0x00000000d5580000)
  object space 108544K, 52% used [0x0000000080000000,0x00000000837f9420,0x0000000086a00000)
 Metaspace       used 92089K, capacity 96856K, committed 97176K, reserved 1132544K
  class space    used 12167K, capacity 13141K, committed 13232K, reserved 1048576K

