# JRE version: OpenJDK Runtime Environment (8.0_242) (build 1.8.0_242-release-1644-b3-6222593)
# Java VM: OpenJDK 64-Bit Server VM (25.242-b3-6222593 mixed mode linux-amd64 compressed oops)
Heap:
 PSYoungGen      total 232960K, used 14324K [0x00000000d5580000, 0x00000000e4700000, 0x0000000100000000)
  eden space 218624K, 0% used [0x00000000d5580000,0x00000000d5580000,0x00000000e2b00000)
  from space 14336K, 99% used [0x00000000e2b00000,0x00000000e38fd0c8,0x00000000e3900000)
  to   space 14336K, 0% used [0x00000000e3900000,0x00000000e3900000,0x00000000e4700000)
 ParOldGen       total 72704K, used 18245K [0x0000000080000000, 0x0000000084700000, 0x00000000d5580000)
  object space 72704K, 25% used [0x0000000080000000,0x00000000811d14b0,0x0000000084700000)
 Metaspace       used 45229K, capacity 47070K, committed 47144K, reserved 1089536K
  class space    used 6102K, capacity 6439K, committed 6448K, reserved 1048576K
GC Heap History (10 events):
Event: 5,351 GC heap after
Heap after GC invocations=6 (full 0):
 PSYoungGen      total 135680K, used 5468K [0x00000000d5580000, 0x00000000de580000, 0x0000000100000000)
  eden space 124928K, 0% used [0x00000000d5580000,0x00000000d5580000,0x00000000dcf80000)
  from space 10752K, 50% used [0x00000000ddb00000,0x00000000de057020,0x00000000de580000)
  to   space 11264K, 0% used [0x00000000dcf80000,0x00000000dcf80000,0x00000000dda80000)
 ParOldGen       total 83456K, used 9278K [0x0000000080000000, 0x0000000085180000, 0x00000000d5580000)
  object space 83456K, 11% used [0x0000000080000000,0x000000008090fb40,0x0000000085180000)
 Metaspace       used 20506K, capacity 21200K, committed 21296K, reserved 1067008K
  class space    used 2869K, capacity 3074K, committed 3120K, reserved 1048576K
}
Event: 5,351 GC heap before
{Heap before GC invocations=7 (full 1):
 PSYoungGen      total 135680K, used 5468K [0x00000000d5580000, 0x00000000de580000, 0x0000000100000000)
  eden space 124928K, 0% used [0x00000000d5580000,0x00000000d5580000,0x00000000dcf80000)
  from space 10752K, 50% used [0x00000000ddb00000,0x00000000de057020,0x00000000de580000)
  to   space 11264K, 0% used [0x00000000dcf80000,0x00000000dcf80000,0x00000000dda80000)
 ParOldGen       total 83456K, used 9278K [0x0000000080000000, 0x0000000085180000, 0x00000000d5580000)
  object space 83456K, 11% used [0x0000000080000000,0x000000008090fb40,0x0000000085180000)
 Metaspace       used 20506K, capacity 21200K, committed 21296K, reserved 1067008K
  class space    used 2869K, capacity 3074K, committed 3120K, reserved 1048576K
Event: 5,447 GC heap after
Heap after GC invocations=7 (full 1):
 PSYoungGen      total 135680K, used 0K [0x00000000d5580000, 0x00000000de580000, 0x0000000100000000)
  eden space 124928K, 0% used [0x00000000d5580000,0x00000000d5580000,0x00000000dcf80000)
  from space 10752K, 0% used [0x00000000ddb00000,0x00000000ddb00000,0x00000000de580000)
  to   space 11264K, 0% used [0x00000000dcf80000,0x00000000dcf80000,0x00000000dda80000)
 ParOldGen       total 50176K, used 6860K [0x0000000080000000, 0x0000000083100000, 0x00000000d5580000)
  object space 50176K, 13% used [0x0000000080000000,0x00000000806b3148,0x0000000083100000)
 Metaspace       used 20506K, capacity 21200K, committed 21296K, reserved 1067008K
  class space    used 2869K, capacity 3074K, committed 3120K, reserved 1048576K
}
Event: 8,253 GC heap before
{Heap before GC invocations=8 (full 1):
 PSYoungGen      total 135680K, used 124928K [0x00000000d5580000, 0x00000000de580000, 0x0000000100000000)
  eden space 124928K, 100% used [0x00000000d5580000,0x00000000dcf80000,0x00000000dcf80000)
  from space 10752K, 0% used [0x00000000ddb00000,0x00000000ddb00000,0x00000000de580000)
  to   space 11264K, 0% used [0x00000000dcf80000,0x00000000dcf80000,0x00000000dda80000)
 ParOldGen       total 50176K, used 6860K [0x0000000080000000, 0x0000000083100000, 0x00000000d5580000)
  object space 50176K, 13% used [0x0000000080000000,0x00000000806b3148,0x0000000083100000)
 Metaspace       used 32468K, capacity 33464K, committed 33712K, reserved 1079296K
  class space    used 4415K, capacity 4686K, committed 4784K, reserved 1048576K
Event: 8,282 GC heap after
Heap after GC invocations=8 (full 1):
 PSYoungGen      total 136192K, used 11255K [0x00000000d5580000, 0x00000000e4700000, 0x0000000100000000)
  eden space 124928K, 0% used [0x00000000d5580000,0x00000000d5580000,0x00000000dcf80000)
  from space 11264K, 99% used [0x00000000dcf80000,0x00000000dda7dd40,0x00000000dda80000)
  to   space 14336K, 0% used [0x00000000e3900000,0x00000000e3900000,0x00000000e4700000)
 ParOldGen       total 50176K, used 9477K [0x0000000080000000, 0x0000000083100000, 0x00000000d5580000)
  object space 50176K, 18% used [0x0000000080000000,0x0000000080941588,0x0000000083100000)
 Metaspace       used 32468K, capacity 33464K, committed 33712K, reserved 1079296K
  class space    used 4415K, capacity 4686K, committed 4784K, reserved 1048576K
}
Event: 8,885 GC heap before
{Heap before GC invocations=9 (full 1):
 PSYoungGen      total 136192K, used 59099K [0x00000000d5580000, 0x00000000e4700000, 0x0000000100000000)
  eden space 124928K, 38% used [0x00000000d5580000,0x00000000d84392b8,0x00000000dcf80000)
  from space 11264K, 99% used [0x00000000dcf80000,0x00000000dda7dd40,0x00000000dda80000)
  to   space 14336K, 0% used [0x00000000e3900000,0x00000000e3900000,0x00000000e4700000)
 ParOldGen       total 50176K, used 9477K [0x0000000080000000, 0x0000000083100000, 0x00000000d5580000)
  object space 50176K, 18% used [0x0000000080000000,0x0000000080941588,0x0000000083100000)
 Metaspace       used 34317K, capacity 35374K, committed 35496K, reserved 1079296K
  class space    used 4711K, capacity 4972K, committed 5040K, reserved 1048576K
Event: 8,919 GC heap after
Heap after GC invocations=9 (full 1):
 PSYoungGen      total 232960K, used 9328K [0x00000000d5580000, 0x00000000e4700000, 0x0000000100000000)
  eden space 218624K, 0% used [0x00000000d5580000,0x00000000d5580000,0x00000000e2b00000)
  from space 14336K, 65% used [0x00000000e3900000,0x00000000e421c208,0x00000000e4700000)
  to   space 14336K, 0% used [0x00000000e2b00000,0x00000000e2b00000,0x00000000e3900000)
 ParOldGen       total 50176K, used 9485K [0x0000000080000000, 0x0000000083100000, 0x00000000d5580000)
  object space 50176K, 18% used [0x0000000080000000,0x0000000080943588,0x0000000083100000)
 Metaspace       used 34317K, capacity 35374K, committed 35496K, reserved 1079296K
  class space    used 4711K, capacity 4972K, committed 5040K, reserved 1048576K
}
Event: 8,919 GC heap before
{Heap before GC invocations=10 (full 2):
 PSYoungGen      total 232960K, used 9328K [0x00000000d5580000, 0x00000000e4700000, 0x0000000100000000)
  eden space 218624K, 0% used [0x00000000d5580000,0x00000000d5580000,0x00000000e2b00000)
  from space 14336K, 65% used [0x00000000e3900000,0x00000000e421c208,0x00000000e4700000)
  to   space 14336K, 0% used [0x00000000e2b00000,0x00000000e2b00000,0x00000000e3900000)
 ParOldGen       total 50176K, used 9485K [0x0000000080000000, 0x0000000083100000, 0x00000000d5580000)
  object space 50176K, 18% used [0x0000000080000000,0x0000000080943588,0x0000000083100000)
 Metaspace       used 34317K, capacity 35374K, committed 35496K, reserved 1079296K
  class space    used 4711K, capacity 4972K, committed 5040K, reserved 1048576K
Event: 9,067 GC heap after
Heap after GC invocations=10 (full 2):
 PSYoungGen      total 232960K, used 0K [0x00000000d5580000, 0x00000000e4700000, 0x0000000100000000)
  eden space 218624K, 0% used [0x00000000d5580000,0x00000000d5580000,0x00000000e2b00000)
  from space 14336K, 0% used [0x00000000e3900000,0x00000000e3900000,0x00000000e4700000)
  to   space 14336K, 0% used [0x00000000e2b00000,0x00000000e2b00000,0x00000000e3900000)
 ParOldGen       total 72704K, used 15621K [0x0000000080000000, 0x0000000084700000, 0x00000000d5580000)
  object space 72704K, 21% used [0x0000000080000000,0x0000000080f41458,0x0000000084700000)
 Metaspace       used 34317K, capacity 35374K, committed 35496K, reserved 1079296K
  class space    used 4711K, capacity 4972K, committed 5040K, reserved 1048576K
}
Event: 13,319 GC heap before
{Heap before GC invocations=11 (full 2):
 PSYoungGen      total 232960K, used 218624K [0x00000000d5580000, 0x00000000e4700000, 0x0000000100000000)
  eden space 218624K, 100% used [0x00000000d5580000,0x00000000e2b00000,0x00000000e2b00000)
  from space 14336K, 0% used [0x00000000e3900000,0x00000000e3900000,0x00000000e4700000)
  to   space 14336K, 0% used [0x00000000e2b00000,0x00000000e2b00000,0x00000000e3900000)
 ParOldGen       total 72704K, used 15621K [0x0000000080000000, 0x0000000084700000, 0x00000000d5580000)
  object space 72704K, 21% used [0x0000000080000000,0x0000000080f41458,0x0000000084700000)
 Metaspace       used 45229K, capacity 47070K, committed 47144K, reserved 1089536K
  class space    used 6102K, capacity 6439K, committed 6448K, reserved 1048576K

