# JRE version: OpenJDK Runtime Environment (8.0_242) (build 1.8.0_242-release-1644-b3-6222593)
# Java VM: OpenJDK 64-Bit Server VM (25.242-b3-6222593 mixed mode linux-amd64 compressed oops)
Heap:
 PSYoungGen      total 130048K, used 5108K [0x00000000d5580000, 0x00000000dd980000, 0x0000000100000000)
  eden space 124928K, 0% used [0x00000000d5580000,0x00000000d5580000,0x00000000dcf80000)
  from space 5120K, 99% used [0x00000000dcf80000,0x00000000dd47d050,0x00000000dd480000)
  to   space 5120K, 0% used [0x00000000dd480000,0x00000000dd480000,0x00000000dd980000)
 ParOldGen       total 83456K, used 10723K [0x0000000080000000, 0x0000000085180000, 0x00000000d5580000)
  object space 83456K, 12% used [0x0000000080000000,0x0000000080a78dd0,0x0000000085180000)
 Metaspace       used 20549K, capacity 21200K, committed 21296K, reserved 1067008K
  class space    used 2884K, capacity 3074K, committed 3120K, reserved 1048576K
GC Heap History (9 events):
Event: 1,690 GC heap before
{Heap before GC invocations=1 (full 0):
 PSYoungGen      total 36352K, used 31232K [0x00000000d5580000, 0x00000000d7e00000, 0x0000000100000000)
  eden space 31232K, 100% used [0x00000000d5580000,0x00000000d7400000,0x00000000d7400000)
  from space 5120K, 0% used [0x00000000d7900000,0x00000000d7900000,0x00000000d7e00000)
  to   space 5120K, 0% used [0x00000000d7400000,0x00000000d7400000,0x00000000d7900000)
 ParOldGen       total 83456K, used 0K [0x0000000080000000, 0x0000000085180000, 0x00000000d5580000)
  object space 83456K, 0% used [0x0000000080000000,0x0000000080000000,0x0000000085180000)
 Metaspace       used 7125K, capacity 7378K, committed 7680K, reserved 1056768K
  class space    used 886K, capacity 973K, committed 1024K, reserved 1048576K
Event: 1,708 GC heap after
Heap after GC invocations=1 (full 0):
 PSYoungGen      total 36352K, used 4204K [0x00000000d5580000, 0x00000000d9c80000, 0x0000000100000000)
  eden space 31232K, 0% used [0x00000000d5580000,0x00000000d5580000,0x00000000d7400000)
  from space 5120K, 82% used [0x00000000d7400000,0x00000000d781b3d0,0x00000000d7900000)
  to   space 5120K, 0% used [0x00000000d9780000,0x00000000d9780000,0x00000000d9c80000)
 ParOldGen       total 83456K, used 8K [0x0000000080000000, 0x0000000085180000, 0x00000000d5580000)
  object space 83456K, 0% used [0x0000000080000000,0x0000000080002000,0x0000000085180000)
 Metaspace       used 7125K, capacity 7378K, committed 7680K, reserved 1056768K
  class space    used 886K, capacity 973K, committed 1024K, reserved 1048576K
}
Event: 2,154 GC heap before
{Heap before GC invocations=2 (full 0):
 PSYoungGen      total 36352K, used 35436K [0x00000000d5580000, 0x00000000d9c80000, 0x0000000100000000)
  eden space 31232K, 100% used [0x00000000d5580000,0x00000000d7400000,0x00000000d7400000)
  from space 5120K, 82% used [0x00000000d7400000,0x00000000d781b3d0,0x00000000d7900000)
  to   space 5120K, 0% used [0x00000000d9780000,0x00000000d9780000,0x00000000d9c80000)
 ParOldGen       total 83456K, used 8K [0x0000000080000000, 0x0000000085180000, 0x00000000d5580000)
  object space 83456K, 0% used [0x0000000080000000,0x0000000080002000,0x0000000085180000)
 Metaspace       used 7564K, capacity 7786K, committed 8064K, reserved 1056768K
  class space    used 960K, capacity 1045K, committed 1152K, reserved 1048576K
Event: 2,161 GC heap after
Heap after GC invocations=2 (full 0):
 PSYoungGen      total 67584K, used 3553K [0x00000000d5580000, 0x00000000d9c80000, 0x0000000100000000)
  eden space 62464K, 0% used [0x00000000d5580000,0x00000000d5580000,0x00000000d9280000)
  from space 5120K, 69% used [0x00000000d9780000,0x00000000d9af8608,0x00000000d9c80000)
  to   space 5120K, 0% used [0x00000000d9280000,0x00000000d9280000,0x00000000d9780000)
 ParOldGen       total 83456K, used 8K [0x0000000080000000, 0x0000000085180000, 0x00000000d5580000)
  object space 83456K, 0% used [0x0000000080000000,0x0000000080002000,0x0000000085180000)
 Metaspace       used 7564K, capacity 7786K, committed 8064K, reserved 1056768K
  class space    used 960K, capacity 1045K, committed 1152K, reserved 1048576K
}
Event: 3,634 GC heap before
{Heap before GC invocations=3 (full 0):
 PSYoungGen      total 67584K, used 66017K [0x00000000d5580000, 0x00000000d9c80000, 0x0000000100000000)
  eden space 62464K, 100% used [0x00000000d5580000,0x00000000d9280000,0x00000000d9280000)
  from space 5120K, 69% used [0x00000000d9780000,0x00000000d9af8608,0x00000000d9c80000)
  to   space 5120K, 0% used [0x00000000d9280000,0x00000000d9280000,0x00000000d9780000)
 ParOldGen       total 83456K, used 8K [0x0000000080000000, 0x0000000085180000, 0x00000000d5580000)
  object space 83456K, 0% used [0x0000000080000000,0x0000000080002000,0x0000000085180000)
 Metaspace       used 15034K, capacity 15600K, committed 15744K, reserved 1062912K
  class space    used 1991K, capacity 2154K, committed 2176K, reserved 1048576K
Event: 3,650 GC heap after
Heap after GC invocations=3 (full 0):
 PSYoungGen      total 67584K, used 5104K [0x00000000d5580000, 0x00000000dd980000, 0x0000000100000000)
  eden space 62464K, 0% used [0x00000000d5580000,0x00000000d5580000,0x00000000d9280000)
  from space 5120K, 99% used [0x00000000d9280000,0x00000000d977c020,0x00000000d9780000)
  to   space 5120K, 0% used [0x00000000dd480000,0x00000000dd480000,0x00000000dd980000)
 ParOldGen       total 83456K, used 4072K [0x0000000080000000, 0x0000000085180000, 0x00000000d5580000)
  object space 83456K, 4% used [0x0000000080000000,0x00000000803fa260,0x0000000085180000)
 Metaspace       used 15034K, capacity 15600K, committed 15744K, reserved 1062912K
  class space    used 1991K, capacity 2154K, committed 2176K, reserved 1048576K
}
Event: 4,739 GC heap before
{Heap before GC invocations=4 (full 0):
 PSYoungGen      total 67584K, used 67568K [0x00000000d5580000, 0x00000000dd980000, 0x0000000100000000)
  eden space 62464K, 100% used [0x00000000d5580000,0x00000000d9280000,0x00000000d9280000)
  from space 5120K, 99% used [0x00000000d9280000,0x00000000d977c020,0x00000000d9780000)
  to   space 5120K, 0% used [0x00000000dd480000,0x00000000dd480000,0x00000000dd980000)
 ParOldGen       total 83456K, used 4072K [0x0000000080000000, 0x0000000085180000, 0x00000000d5580000)
  object space 83456K, 4% used [0x0000000080000000,0x00000000803fa260,0x0000000085180000)
 Metaspace       used 20044K, capacity 20752K, committed 20992K, reserved 1067008K
  class space    used 2802K, capacity 3010K, committed 3072K, reserved 1048576K
Event: 4,774 GC heap after
Heap after GC invocations=4 (full 0):
 PSYoungGen      total 130048K, used 5108K [0x00000000d5580000, 0x00000000dd980000, 0x0000000100000000)
  eden space 124928K, 0% used [0x00000000d5580000,0x00000000d5580000,0x00000000dcf80000)
  from space 5120K, 99% used [0x00000000dd480000,0x00000000dd97d070,0x00000000dd980000)
  to   space 5120K, 0% used [0x00000000dcf80000,0x00000000dcf80000,0x00000000dd480000)
 ParOldGen       total 83456K, used 10158K [0x0000000080000000, 0x0000000085180000, 0x00000000d5580000)
  object space 83456K, 12% used [0x0000000080000000,0x00000000809ebbf8,0x0000000085180000)
 Metaspace       used 20044K, capacity 20752K, committed 20992K, reserved 1067008K
  class space    used 2802K, capacity 3010K, committed 3072K, reserved 1048576K
}
Event: 4,934 GC heap before
{Heap before GC invocations=5 (full 0):
 PSYoungGen      total 130048K, used 15655K [0x00000000d5580000, 0x00000000dd980000, 0x0000000100000000)
  eden space 124928K, 8% used [0x00000000d5580000,0x00000000d5fccd60,0x00000000dcf80000)
  from space 5120K, 99% used [0x00000000dd480000,0x00000000dd97d070,0x00000000dd980000)
  to   space 5120K, 0% used [0x00000000dcf80000,0x00000000dcf80000,0x00000000dd480000)
 ParOldGen       total 83456K, used 10158K [0x0000000080000000, 0x0000000085180000, 0x00000000d5580000)
  object space 83456K, 12% used [0x0000000080000000,0x00000000809ebbf8,0x0000000085180000)
 Metaspace       used 20549K, capacity 21200K, committed 21296K, reserved 1067008K
  class space    used 2884K, capacity 3074K, committed 3120K, reserved 1048576K

