# JRE version: OpenJDK Runtime Environment (8.0_242) (build 1.8.0_242-release-1644-b3-6222593)
# Java VM: OpenJDK 64-Bit Server VM (25.242-b3-6222593 mixed mode linux-amd64 compressed oops)
Heap:
 PSYoungGen      total 241152K, used 14309K [0x00000000d5580000, 0x00000000e4f00000, 0x0000000100000000)
  eden space 226816K, 0% used [0x00000000d5580000,0x00000000d5580000,0x00000000e3300000)
  from space 14336K, 99% used [0x00000000e3300000,0x00000000e40f97f8,0x00000000e4100000)
  to   space 14336K, 0% used [0x00000000e4100000,0x00000000e4100000,0x00000000e4f00000)
 ParOldGen       total 70144K, used 19317K [0x0000000080000000, 0x0000000084480000, 0x00000000d5580000)
  object space 70144K, 27% used [0x0000000080000000,0x00000000812dd788,0x0000000084480000)
 Metaspace       used 45294K, capacity 47062K, committed 47272K, reserved 1089536K
  class space    used 6116K, capacity 6471K, committed 6576K, reserved 1048576K
GC Heap History (10 events):
Event: 5,670 GC heap after
Heap after GC invocations=6 (full 0):
 PSYoungGen      total 135680K, used 5432K [0x00000000d5580000, 0x00000000de580000, 0x0000000100000000)
  eden space 124928K, 0% used [0x00000000d5580000,0x00000000d5580000,0x00000000dcf80000)
  from space 10752K, 50% used [0x00000000ddb00000,0x00000000de04e000,0x00000000de580000)
  to   space 11264K, 0% used [0x00000000dcf80000,0x00000000dcf80000,0x00000000dda80000)
 ParOldGen       total 83456K, used 9404K [0x0000000080000000, 0x0000000085180000, 0x00000000d5580000)
  object space 83456K, 11% used [0x0000000080000000,0x000000008092f2b8,0x0000000085180000)
 Metaspace       used 20519K, capacity 21212K, committed 21296K, reserved 1067008K
  class space    used 2870K, capacity 3074K, committed 3120K, reserved 1048576K
}
Event: 5,670 GC heap before
{Heap before GC invocations=7 (full 1):
 PSYoungGen      total 135680K, used 5432K [0x00000000d5580000, 0x00000000de580000, 0x0000000100000000)
  eden space 124928K, 0% used [0x00000000d5580000,0x00000000d5580000,0x00000000dcf80000)
  from space 10752K, 50% used [0x00000000ddb00000,0x00000000de04e000,0x00000000de580000)
  to   space 11264K, 0% used [0x00000000dcf80000,0x00000000dcf80000,0x00000000dda80000)
 ParOldGen       total 83456K, used 9404K [0x0000000080000000, 0x0000000085180000, 0x00000000d5580000)
  object space 83456K, 11% used [0x0000000080000000,0x000000008092f2b8,0x0000000085180000)
 Metaspace       used 20519K, capacity 21212K, committed 21296K, reserved 1067008K
  class space    used 2870K, capacity 3074K, committed 3120K, reserved 1048576K
Event: 5,734 GC heap after
Heap after GC invocations=7 (full 1):
 PSYoungGen      total 135680K, used 0K [0x00000000d5580000, 0x00000000de580000, 0x0000000100000000)
  eden space 124928K, 0% used [0x00000000d5580000,0x00000000d5580000,0x00000000dcf80000)
  from space 10752K, 0% used [0x00000000ddb00000,0x00000000ddb00000,0x00000000de580000)
  to   space 11264K, 0% used [0x00000000dcf80000,0x00000000dcf80000,0x00000000dda80000)
 ParOldGen       total 48640K, used 6828K [0x0000000080000000, 0x0000000082f80000, 0x00000000d5580000)
  object space 48640K, 14% used [0x0000000080000000,0x00000000806ab0b0,0x0000000082f80000)
 Metaspace       used 20519K, capacity 21212K, committed 21296K, reserved 1067008K
  class space    used 2870K, capacity 3074K, committed 3120K, reserved 1048576K
}
Event: 8,715 GC heap before
{Heap before GC invocations=8 (full 1):
 PSYoungGen      total 135680K, used 124928K [0x00000000d5580000, 0x00000000de580000, 0x0000000100000000)
  eden space 124928K, 100% used [0x00000000d5580000,0x00000000dcf80000,0x00000000dcf80000)
  from space 10752K, 0% used [0x00000000ddb00000,0x00000000ddb00000,0x00000000de580000)
  to   space 11264K, 0% used [0x00000000dcf80000,0x00000000dcf80000,0x00000000dda80000)
 ParOldGen       total 48640K, used 6828K [0x0000000080000000, 0x0000000082f80000, 0x00000000d5580000)
  object space 48640K, 14% used [0x0000000080000000,0x00000000806ab0b0,0x0000000082f80000)
 Metaspace       used 32470K, capacity 33476K, committed 33712K, reserved 1079296K
  class space    used 4423K, capacity 4686K, committed 4784K, reserved 1048576K
Event: 8,737 GC heap after
Heap after GC invocations=8 (full 1):
 PSYoungGen      total 136192K, used 11255K [0x00000000d5580000, 0x00000000e4f00000, 0x0000000100000000)
  eden space 124928K, 0% used [0x00000000d5580000,0x00000000d5580000,0x00000000dcf80000)
  from space 11264K, 99% used [0x00000000dcf80000,0x00000000dda7dd40,0x00000000dda80000)
  to   space 14336K, 0% used [0x00000000e4100000,0x00000000e4100000,0x00000000e4f00000)
 ParOldGen       total 48640K, used 9424K [0x0000000080000000, 0x0000000082f80000, 0x00000000d5580000)
  object space 48640K, 19% used [0x0000000080000000,0x00000000809342e0,0x0000000082f80000)
 Metaspace       used 32470K, capacity 33476K, committed 33712K, reserved 1079296K
  class space    used 4423K, capacity 4686K, committed 4784K, reserved 1048576K
}
Event: 9,441 GC heap before
{Heap before GC invocations=9 (full 1):
 PSYoungGen      total 136192K, used 57428K [0x00000000d5580000, 0x00000000e4f00000, 0x0000000100000000)
  eden space 124928K, 36% used [0x00000000d5580000,0x00000000d82973c8,0x00000000dcf80000)
  from space 11264K, 99% used [0x00000000dcf80000,0x00000000dda7dd40,0x00000000dda80000)
  to   space 14336K, 0% used [0x00000000e4100000,0x00000000e4100000,0x00000000e4f00000)
 ParOldGen       total 48640K, used 9424K [0x0000000080000000, 0x0000000082f80000, 0x00000000d5580000)
  object space 48640K, 19% used [0x0000000080000000,0x00000000809342e0,0x0000000082f80000)
 Metaspace       used 34313K, capacity 35386K, committed 35496K, reserved 1079296K
  class space    used 4720K, capacity 4972K, committed 5040K, reserved 1048576K
Event: 9,476 GC heap after
Heap after GC invocations=9 (full 1):
 PSYoungGen      total 241152K, used 9248K [0x00000000d5580000, 0x00000000e4f00000, 0x0000000100000000)
  eden space 226816K, 0% used [0x00000000d5580000,0x00000000d5580000,0x00000000e3300000)
  from space 14336K, 64% used [0x00000000e4100000,0x00000000e4a08218,0x00000000e4f00000)
  to   space 14336K, 0% used [0x00000000e3300000,0x00000000e3300000,0x00000000e4100000)
 ParOldGen       total 48640K, used 9432K [0x0000000080000000, 0x0000000082f80000, 0x00000000d5580000)
  object space 48640K, 19% used [0x0000000080000000,0x00000000809362e0,0x0000000082f80000)
 Metaspace       used 34313K, capacity 35386K, committed 35496K, reserved 1079296K
  class space    used 4720K, capacity 4972K, committed 5040K, reserved 1048576K
}
Event: 9,476 GC heap before
{Heap before GC invocations=10 (full 2):
 PSYoungGen      total 241152K, used 9248K [0x00000000d5580000, 0x00000000e4f00000, 0x0000000100000000)
  eden space 226816K, 0% used [0x00000000d5580000,0x00000000d5580000,0x00000000e3300000)
  from space 14336K, 64% used [0x00000000e4100000,0x00000000e4a08218,0x00000000e4f00000)
  to   space 14336K, 0% used [0x00000000e3300000,0x00000000e3300000,0x00000000e4100000)
 ParOldGen       total 48640K, used 9432K [0x0000000080000000, 0x0000000082f80000, 0x00000000d5580000)
  object space 48640K, 19% used [0x0000000080000000,0x00000000809362e0,0x0000000082f80000)
 Metaspace       used 34313K, capacity 35386K, committed 35496K, reserved 1079296K
  class space    used 4720K, capacity 4972K, committed 5040K, reserved 1048576K
Event: 9,633 GC heap after
Heap after GC invocations=10 (full 2):
 PSYoungGen      total 241152K, used 0K [0x00000000d5580000, 0x00000000e4f00000, 0x0000000100000000)
  eden space 226816K, 0% used [0x00000000d5580000,0x00000000d5580000,0x00000000e3300000)
  from space 14336K, 0% used [0x00000000e4100000,0x00000000e4100000,0x00000000e4f00000)
  to   space 14336K, 0% used [0x00000000e3300000,0x00000000e3300000,0x00000000e4100000)
 ParOldGen       total 70144K, used 15589K [0x0000000080000000, 0x0000000084480000, 0x00000000d5580000)
  object space 70144K, 22% used [0x0000000080000000,0x0000000080f39698,0x0000000084480000)
 Metaspace       used 34313K, capacity 35386K, committed 35496K, reserved 1079296K
  class space    used 4720K, capacity 4972K, committed 5040K, reserved 1048576K
}
Event: 48,342 GC heap before
{Heap before GC invocations=11 (full 2):
 PSYoungGen      total 241152K, used 226816K [0x00000000d5580000, 0x00000000e4f00000, 0x0000000100000000)
  eden space 226816K, 100% used [0x00000000d5580000,0x00000000e3300000,0x00000000e3300000)
  from space 14336K, 0% used [0x00000000e4100000,0x00000000e4100000,0x00000000e4f00000)
  to   space 14336K, 0% used [0x00000000e3300000,0x00000000e3300000,0x00000000e4100000)
 ParOldGen       total 70144K, used 15589K [0x0000000080000000, 0x0000000084480000, 0x00000000d5580000)
  object space 70144K, 22% used [0x0000000080000000,0x0000000080f39698,0x0000000084480000)
 Metaspace       used 45294K, capacity 47062K, committed 47272K, reserved 1089536K
  class space    used 6116K, capacity 6471K, committed 6576K, reserved 1048576K

