# JRE version: OpenJDK Runtime Environment (8.0_242) (build 1.8.0_242-release-1644-b3-6222593)
# Java VM: OpenJDK 64-Bit Server VM (25.242-b3-6222593 mixed mode linux-amd64 compressed oops)
Heap:
 PSYoungGen      total 301056K, used 21896K [0x00000000d5580000, 0x00000000e9280000, 0x0000000100000000)
  eden space 278528K, 0% used [0x00000000d5580000,0x00000000d5580000,0x00000000e6580000)
  from space 22528K, 97% used [0x00000000e6580000,0x00000000e7ae22b8,0x00000000e7b80000)
  to   space 16896K, 0% used [0x00000000e7b80000,0x00000000e7b80000,0x00000000e8c00000)
 ParOldGen       total 119808K, used 38743K [0x0000000080000000, 0x0000000087500000, 0x00000000d5580000)
  object space 119808K, 32% used [0x0000000080000000,0x00000000825d5e38,0x0000000087500000)
 Metaspace       used 69880K, capacity 72786K, committed 72856K, reserved 1112064K
  class space    used 9533K, capacity 10124K, committed 10160K, reserved 1048576K
GC Heap History (10 events):
Event: 8,124 GC heap after
Heap after GC invocations=9 (full 1):
 PSYoungGen      total 228864K, used 9311K [0x00000000d5580000, 0x00000000e4600000, 0x0000000100000000)
  eden space 214528K, 0% used [0x00000000d5580000,0x00000000d5580000,0x00000000e2700000)
  from space 14336K, 64% used [0x00000000e3500000,0x00000000e3e17d40,0x00000000e4300000)
  to   space 14336K, 0% used [0x00000000e2700000,0x00000000e2700000,0x00000000e3500000)
 ParOldGen       total 51712K, used 9559K [0x0000000080000000, 0x0000000083280000, 0x00000000d5580000)
  object space 51712K, 18% used [0x0000000080000000,0x0000000080955c38,0x0000000083280000)
 Metaspace       used 34297K, capacity 35390K, committed 35496K, reserved 1079296K
  class space    used 4721K, capacity 4972K, committed 5040K, reserved 1048576K
}
Event: 8,124 GC heap before
{Heap before GC invocations=10 (full 2):
 PSYoungGen      total 228864K, used 9311K [0x00000000d5580000, 0x00000000e4600000, 0x0000000100000000)
  eden space 214528K, 0% used [0x00000000d5580000,0x00000000d5580000,0x00000000e2700000)
  from space 14336K, 64% used [0x00000000e3500000,0x00000000e3e17d40,0x00000000e4300000)
  to   space 14336K, 0% used [0x00000000e2700000,0x00000000e2700000,0x00000000e3500000)
 ParOldGen       total 51712K, used 9559K [0x0000000080000000, 0x0000000083280000, 0x00000000d5580000)
  object space 51712K, 18% used [0x0000000080000000,0x0000000080955c38,0x0000000083280000)
 Metaspace       used 34297K, capacity 35390K, committed 35496K, reserved 1079296K
  class space    used 4721K, capacity 4972K, committed 5040K, reserved 1048576K
Event: 8,236 GC heap after
Heap after GC invocations=10 (full 2):
 PSYoungGen      total 228864K, used 0K [0x00000000d5580000, 0x00000000e4600000, 0x0000000100000000)
  eden space 214528K, 0% used [0x00000000d5580000,0x00000000d5580000,0x00000000e2700000)
  from space 14336K, 0% used [0x00000000e3500000,0x00000000e3500000,0x00000000e4300000)
  to   space 14336K, 0% used [0x00000000e2700000,0x00000000e2700000,0x00000000e3500000)
 ParOldGen       total 75776K, used 15615K [0x0000000080000000, 0x0000000084a00000, 0x00000000d5580000)
  object space 75776K, 20% used [0x0000000080000000,0x0000000080f3fef8,0x0000000084a00000)
 Metaspace       used 34297K, capacity 35390K, committed 35496K, reserved 1079296K
  class space    used 4721K, capacity 4972K, committed 5040K, reserved 1048576K
}
Event: 11,886 GC heap before
{Heap before GC invocations=11 (full 2):
 PSYoungGen      total 228864K, used 214528K [0x00000000d5580000, 0x00000000e4600000, 0x0000000100000000)
  eden space 214528K, 100% used [0x00000000d5580000,0x00000000e2700000,0x00000000e2700000)
  from space 14336K, 0% used [0x00000000e3500000,0x00000000e3500000,0x00000000e4300000)
  to   space 14336K, 0% used [0x00000000e2700000,0x00000000e2700000,0x00000000e3500000)
 ParOldGen       total 75776K, used 15615K [0x0000000080000000, 0x0000000084a00000, 0x00000000d5580000)
  object space 75776K, 20% used [0x0000000080000000,0x0000000080f3fef8,0x0000000084a00000)
 Metaspace       used 45245K, capacity 46988K, committed 47272K, reserved 1089536K
  class space    used 6112K, capacity 6470K, committed 6576K, reserved 1048576K
Event: 11,914 GC heap after
Heap after GC invocations=11 (full 2):
 PSYoungGen      total 228864K, used 14306K [0x00000000d5580000, 0x00000000e8c00000, 0x0000000100000000)
  eden space 214528K, 0% used [0x00000000d5580000,0x00000000d5580000,0x00000000e2700000)
  from space 14336K, 99% used [0x00000000e2700000,0x00000000e34f8a10,0x00000000e3500000)
  to   space 16896K, 0% used [0x00000000e7b80000,0x00000000e7b80000,0x00000000e8c00000)
 ParOldGen       total 75776K, used 16482K [0x0000000080000000, 0x0000000084a00000, 0x00000000d5580000)
  object space 75776K, 21% used [0x0000000080000000,0x0000000081018828,0x0000000084a00000)
 Metaspace       used 45245K, capacity 46988K, committed 47272K, reserved 1089536K
  class space    used 6112K, capacity 6470K, committed 6576K, reserved 1048576K
}
Event: 15,398 GC heap before
{Heap before GC invocations=12 (full 2):
 PSYoungGen      total 228864K, used 163934K [0x00000000d5580000, 0x00000000e8c00000, 0x0000000100000000)
  eden space 214528K, 69% used [0x00000000d5580000,0x00000000de79ef68,0x00000000e2700000)
  from space 14336K, 99% used [0x00000000e2700000,0x00000000e34f8a10,0x00000000e3500000)
  to   space 16896K, 0% used [0x00000000e7b80000,0x00000000e7b80000,0x00000000e8c00000)
 ParOldGen       total 75776K, used 16482K [0x0000000080000000, 0x0000000084a00000, 0x00000000d5580000)
  object space 75776K, 21% used [0x0000000080000000,0x0000000081018828,0x0000000084a00000)
 Metaspace       used 56819K, capacity 59050K, committed 59160K, reserved 1099776K
  class space    used 7699K, capacity 8170K, committed 8240K, reserved 1048576K
Event: 15,445 GC heap after
Heap after GC invocations=12 (full 2):
 PSYoungGen      total 295424K, used 16878K [0x00000000d5580000, 0x00000000e9280000, 0x0000000100000000)
  eden space 278528K, 0% used [0x00000000d5580000,0x00000000d5580000,0x00000000e6580000)
  from space 16896K, 99% used [0x00000000e7b80000,0x00000000e8bfbba0,0x00000000e8c00000)
  to   space 22528K, 0% used [0x00000000e6580000,0x00000000e6580000,0x00000000e7b80000)
 ParOldGen       total 75776K, used 25980K [0x0000000080000000, 0x0000000084a00000, 0x00000000d5580000)
  object space 75776K, 34% used [0x0000000080000000,0x000000008195f090,0x0000000084a00000)
 Metaspace       used 56819K, capacity 59050K, committed 59160K, reserved 1099776K
  class space    used 7699K, capacity 8170K, committed 8240K, reserved 1048576K
}
Event: 15,445 GC heap before
{Heap before GC invocations=13 (full 3):
 PSYoungGen      total 295424K, used 16878K [0x00000000d5580000, 0x00000000e9280000, 0x0000000100000000)
  eden space 278528K, 0% used [0x00000000d5580000,0x00000000d5580000,0x00000000e6580000)
  from space 16896K, 99% used [0x00000000e7b80000,0x00000000e8bfbba0,0x00000000e8c00000)
  to   space 22528K, 0% used [0x00000000e6580000,0x00000000e6580000,0x00000000e7b80000)
 ParOldGen       total 75776K, used 25980K [0x0000000080000000, 0x0000000084a00000, 0x00000000d5580000)
  object space 75776K, 34% used [0x0000000080000000,0x000000008195f090,0x0000000084a00000)
 Metaspace       used 56819K, capacity 59050K, committed 59160K, reserved 1099776K
  class space    used 7699K, capacity 8170K, committed 8240K, reserved 1048576K
Event: 15,733 GC heap after
Heap after GC invocations=13 (full 3):
 PSYoungGen      total 295424K, used 0K [0x00000000d5580000, 0x00000000e9280000, 0x0000000100000000)
  eden space 278528K, 0% used [0x00000000d5580000,0x00000000d5580000,0x00000000e6580000)
  from space 16896K, 0% used [0x00000000e7b80000,0x00000000e7b80000,0x00000000e8c00000)
  to   space 22528K, 0% used [0x00000000e6580000,0x00000000e6580000,0x00000000e7b80000)
 ParOldGen       total 119808K, used 38743K [0x0000000080000000, 0x0000000087500000, 0x00000000d5580000)
  object space 119808K, 32% used [0x0000000080000000,0x00000000825d5e38,0x0000000087500000)
 Metaspace       used 56819K, capacity 59050K, committed 59160K, reserved 1099776K
  class space    used 7699K, capacity 8170K, committed 8240K, reserved 1048576K
}
Event: 23,922 GC heap before
{Heap before GC invocations=14 (full 3):
 PSYoungGen      total 295424K, used 278528K [0x00000000d5580000, 0x00000000e9280000, 0x0000000100000000)
  eden space 278528K, 100% used [0x00000000d5580000,0x00000000e6580000,0x00000000e6580000)
  from space 16896K, 0% used [0x00000000e7b80000,0x00000000e7b80000,0x00000000e8c00000)
  to   space 22528K, 0% used [0x00000000e6580000,0x00000000e6580000,0x00000000e7b80000)
 ParOldGen       total 119808K, used 38743K [0x0000000080000000, 0x0000000087500000, 0x00000000d5580000)
  object space 119808K, 32% used [0x0000000080000000,0x00000000825d5e38,0x0000000087500000)
 Metaspace       used 69880K, capacity 72786K, committed 72856K, reserved 1112064K
  class space    used 9533K, capacity 10124K, committed 10160K, reserved 1048576K

