# JRE version: OpenJDK Runtime Environment (8.0_242) (build 1.8.0_242-release-1644-b3-6222593)
# Java VM: OpenJDK 64-Bit Server VM (25.242-b3-6222593 mixed mode linux-amd64 compressed oops)
Heap:
 PSYoungGen      total 242688K, used 14319K [0x00000000d5580000, 0x00000000e5080000, 0x0000000100000000)
  eden space 228352K, 0% used [0x00000000d5580000,0x00000000d5580000,0x00000000e3480000)
  from space 14336K, 99% used [0x00000000e3480000,0x00000000e427bd58,0x00000000e4280000)
  to   space 12800K, 0% used [0x00000000e4400000,0x00000000e4400000,0x00000000e5080000)
 ParOldGen       total 65536K, used 19536K [0x0000000080000000, 0x0000000084000000, 0x00000000d5580000)
  object space 65536K, 29% used [0x0000000080000000,0x00000000813142b0,0x0000000084000000)
 Metaspace       used 45265K, capacity 47064K, committed 47144K, reserved 1089536K
  class space    used 6108K, capacity 6438K, committed 6448K, reserved 1048576K
GC Heap History (10 events):
Event: 11,679 GC heap after
Heap after GC invocations=6 (full 0):
 PSYoungGen      total 135680K, used 5324K [0x00000000d5580000, 0x00000000de580000, 0x0000000100000000)
  eden space 124928K, 0% used [0x00000000d5580000,0x00000000d5580000,0x00000000dcf80000)
  from space 10752K, 49% used [0x00000000ddb00000,0x00000000de033010,0x00000000de580000)
  to   space 11264K, 0% used [0x00000000dcf80000,0x00000000dcf80000,0x00000000dda80000)
 ParOldGen       total 83456K, used 9664K [0x0000000080000000, 0x0000000085180000, 0x00000000d5580000)
  object space 83456K, 11% used [0x0000000080000000,0x0000000080970308,0x0000000085180000)
 Metaspace       used 20522K, capacity 21200K, committed 21296K, reserved 1067008K
  class space    used 2867K, capacity 3074K, committed 3120K, reserved 1048576K
}
Event: 11,679 GC heap before
{Heap before GC invocations=7 (full 1):
 PSYoungGen      total 135680K, used 5324K [0x00000000d5580000, 0x00000000de580000, 0x0000000100000000)
  eden space 124928K, 0% used [0x00000000d5580000,0x00000000d5580000,0x00000000dcf80000)
  from space 10752K, 49% used [0x00000000ddb00000,0x00000000de033010,0x00000000de580000)
  to   space 11264K, 0% used [0x00000000dcf80000,0x00000000dcf80000,0x00000000dda80000)
 ParOldGen       total 83456K, used 9664K [0x0000000080000000, 0x0000000085180000, 0x00000000d5580000)
  object space 83456K, 11% used [0x0000000080000000,0x0000000080970308,0x0000000085180000)
 Metaspace       used 20522K, capacity 21200K, committed 21296K, reserved 1067008K
  class space    used 2867K, capacity 3074K, committed 3120K, reserved 1048576K
Event: 11,825 GC heap after
Heap after GC invocations=7 (full 1):
 PSYoungGen      total 135680K, used 0K [0x00000000d5580000, 0x00000000de580000, 0x0000000100000000)
  eden space 124928K, 0% used [0x00000000d5580000,0x00000000d5580000,0x00000000dcf80000)
  from space 10752K, 0% used [0x00000000ddb00000,0x00000000ddb00000,0x00000000de580000)
  to   space 11264K, 0% used [0x00000000dcf80000,0x00000000dcf80000,0x00000000dda80000)
 ParOldGen       total 48128K, used 6749K [0x0000000080000000, 0x0000000082f00000, 0x00000000d5580000)
  object space 48128K, 14% used [0x0000000080000000,0x0000000080697640,0x0000000082f00000)
 Metaspace       used 20522K, capacity 21200K, committed 21296K, reserved 1067008K
  class space    used 2867K, capacity 3074K, committed 3120K, reserved 1048576K
}
Event: 15,202 GC heap before
{Heap before GC invocations=8 (full 1):
 PSYoungGen      total 135680K, used 124928K [0x00000000d5580000, 0x00000000de580000, 0x0000000100000000)
  eden space 124928K, 100% used [0x00000000d5580000,0x00000000dcf80000,0x00000000dcf80000)
  from space 10752K, 0% used [0x00000000ddb00000,0x00000000ddb00000,0x00000000de580000)
  to   space 11264K, 0% used [0x00000000dcf80000,0x00000000dcf80000,0x00000000dda80000)
 ParOldGen       total 48128K, used 6749K [0x0000000080000000, 0x0000000082f00000, 0x00000000d5580000)
  object space 48128K, 14% used [0x0000000080000000,0x0000000080697640,0x0000000082f00000)
 Metaspace       used 32499K, capacity 33468K, committed 33712K, reserved 1079296K
  class space    used 4416K, capacity 4686K, committed 4784K, reserved 1048576K
Event: 15,257 GC heap after
Heap after GC invocations=8 (full 1):
 PSYoungGen      total 136192K, used 11239K [0x00000000d5580000, 0x00000000e5200000, 0x0000000100000000)
  eden space 124928K, 0% used [0x00000000d5580000,0x00000000d5580000,0x00000000dcf80000)
  from space 11264K, 99% used [0x00000000dcf80000,0x00000000dda79d30,0x00000000dda80000)
  to   space 14336K, 0% used [0x00000000e4400000,0x00000000e4400000,0x00000000e5200000)
 ParOldGen       total 48128K, used 9339K [0x0000000080000000, 0x0000000082f00000, 0x00000000d5580000)
  object space 48128K, 19% used [0x0000000080000000,0x000000008091eeb8,0x0000000082f00000)
 Metaspace       used 32499K, capacity 33468K, committed 33712K, reserved 1079296K
  class space    used 4416K, capacity 4686K, committed 4784K, reserved 1048576K
}
Event: 15,929 GC heap before
{Heap before GC invocations=9 (full 1):
 PSYoungGen      total 136192K, used 57931K [0x00000000d5580000, 0x00000000e5200000, 0x0000000100000000)
  eden space 124928K, 37% used [0x00000000d5580000,0x00000000d83191b0,0x00000000dcf80000)
  from space 11264K, 99% used [0x00000000dcf80000,0x00000000dda79d30,0x00000000dda80000)
  to   space 14336K, 0% used [0x00000000e4400000,0x00000000e4400000,0x00000000e5200000)
 ParOldGen       total 48128K, used 9339K [0x0000000080000000, 0x0000000082f00000, 0x00000000d5580000)
  object space 48128K, 19% used [0x0000000080000000,0x000000008091eeb8,0x0000000082f00000)
 Metaspace       used 34333K, capacity 35378K, committed 35496K, reserved 1079296K
  class space    used 4713K, capacity 4972K, committed 5040K, reserved 1048576K
Event: 15,958 GC heap after
Heap after GC invocations=9 (full 1):
 PSYoungGen      total 241152K, used 9280K [0x00000000d5580000, 0x00000000e5080000, 0x0000000100000000)
  eden space 228352K, 0% used [0x00000000d5580000,0x00000000d5580000,0x00000000e3480000)
  from space 12800K, 72% used [0x00000000e4400000,0x00000000e4d10218,0x00000000e5080000)
  to   space 14336K, 0% used [0x00000000e3480000,0x00000000e3480000,0x00000000e4280000)
 ParOldGen       total 48128K, used 9347K [0x0000000080000000, 0x0000000082f00000, 0x00000000d5580000)
  object space 48128K, 19% used [0x0000000080000000,0x0000000080920eb8,0x0000000082f00000)
 Metaspace       used 34333K, capacity 35378K, committed 35496K, reserved 1079296K
  class space    used 4713K, capacity 4972K, committed 5040K, reserved 1048576K
}
Event: 15,958 GC heap before
{Heap before GC invocations=10 (full 2):
 PSYoungGen      total 241152K, used 9280K [0x00000000d5580000, 0x00000000e5080000, 0x0000000100000000)
  eden space 228352K, 0% used [0x00000000d5580000,0x00000000d5580000,0x00000000e3480000)
  from space 12800K, 72% used [0x00000000e4400000,0x00000000e4d10218,0x00000000e5080000)
  to   space 14336K, 0% used [0x00000000e3480000,0x00000000e3480000,0x00000000e4280000)
 ParOldGen       total 48128K, used 9347K [0x0000000080000000, 0x0000000082f00000, 0x00000000d5580000)
  object space 48128K, 19% used [0x0000000080000000,0x0000000080920eb8,0x0000000082f00000)
 Metaspace       used 34333K, capacity 35378K, committed 35496K, reserved 1079296K
  class space    used 4713K, capacity 4972K, committed 5040K, reserved 1048576K
Event: 16,055 GC heap after
Heap after GC invocations=10 (full 2):
 PSYoungGen      total 241152K, used 0K [0x00000000d5580000, 0x00000000e5080000, 0x0000000100000000)
  eden space 228352K, 0% used [0x00000000d5580000,0x00000000d5580000,0x00000000e3480000)
  from space 12800K, 0% used [0x00000000e4400000,0x00000000e4400000,0x00000000e5080000)
  to   space 14336K, 0% used [0x00000000e3480000,0x00000000e3480000,0x00000000e4280000)
 ParOldGen       total 65536K, used 15597K [0x0000000080000000, 0x0000000084000000, 0x00000000d5580000)
  object space 65536K, 23% used [0x0000000080000000,0x0000000080f3b560,0x0000000084000000)
 Metaspace       used 34333K, capacity 35378K, committed 35496K, reserved 1079296K
  class space    used 4713K, capacity 4972K, committed 5040K, reserved 1048576K
}
Event: 19,982 GC heap before
{Heap before GC invocations=11 (full 2):
 PSYoungGen      total 241152K, used 228352K [0x00000000d5580000, 0x00000000e5080000, 0x0000000100000000)
  eden space 228352K, 100% used [0x00000000d5580000,0x00000000e3480000,0x00000000e3480000)
  from space 12800K, 0% used [0x00000000e4400000,0x00000000e4400000,0x00000000e5080000)
  to   space 14336K, 0% used [0x00000000e3480000,0x00000000e3480000,0x00000000e4280000)
 ParOldGen       total 65536K, used 15597K [0x0000000080000000, 0x0000000084000000, 0x00000000d5580000)
  object space 65536K, 23% used [0x0000000080000000,0x0000000080f3b560,0x0000000084000000)
 Metaspace       used 45265K, capacity 47064K, committed 47144K, reserved 1089536K
  class space    used 6108K, capacity 6438K, committed 6448K, reserved 1048576K

