# JRE version: OpenJDK Runtime Environment (8.0_242) (build 1.8.0_242-release-1644-b3-6222593)
# Java VM: OpenJDK 64-Bit Server VM (25.242-b3-6222593 mixed mode linux-amd64 compressed oops)
Heap:
 PSYoungGen      total 229888K, used 14320K [0x00000000d5580000, 0x00000000e4400000, 0x0000000100000000)
  eden space 215552K, 0% used [0x00000000d5580000,0x00000000d5580000,0x00000000e2800000)
  from space 14336K, 99% used [0x00000000e2800000,0x00000000e35fc0f0,0x00000000e3600000)
  to   space 12800K, 0% used [0x00000000e3780000,0x00000000e3780000,0x00000000e4400000)
 ParOldGen       total 76288K, used 16541K [0x0000000080000000, 0x0000000084a80000, 0x00000000d5580000)
  object space 76288K, 21% used [0x0000000080000000,0x0000000081027618,0x0000000084a80000)
 Metaspace       used 45314K, capacity 47044K, committed 47144K, reserved 1089536K
  class space    used 6106K, capacity 6440K, committed 6448K, reserved 1048576K
GC Heap History (10 events):
Event: 4,815 GC heap after
Heap after GC invocations=6 (full 0):
 PSYoungGen      total 135680K, used 5500K [0x00000000d5580000, 0x00000000de580000, 0x0000000100000000)
  eden space 124928K, 0% used [0x00000000d5580000,0x00000000d5580000,0x00000000dcf80000)
  from space 10752K, 51% used [0x00000000ddb00000,0x00000000de05f020,0x00000000de580000)
  to   space 11264K, 0% used [0x00000000dcf80000,0x00000000dcf80000,0x00000000dda80000)
 ParOldGen       total 83456K, used 9457K [0x0000000080000000, 0x0000000085180000, 0x00000000d5580000)
  object space 83456K, 11% used [0x0000000080000000,0x000000008093c608,0x0000000085180000)
 Metaspace       used 20570K, capacity 21216K, committed 21296K, reserved 1067008K
  class space    used 2882K, capacity 3074K, committed 3120K, reserved 1048576K
}
Event: 4,815 GC heap before
{Heap before GC invocations=7 (full 1):
 PSYoungGen      total 135680K, used 5500K [0x00000000d5580000, 0x00000000de580000, 0x0000000100000000)
  eden space 124928K, 0% used [0x00000000d5580000,0x00000000d5580000,0x00000000dcf80000)
  from space 10752K, 51% used [0x00000000ddb00000,0x00000000de05f020,0x00000000de580000)
  to   space 11264K, 0% used [0x00000000dcf80000,0x00000000dcf80000,0x00000000dda80000)
 ParOldGen       total 83456K, used 9457K [0x0000000080000000, 0x0000000085180000, 0x00000000d5580000)
  object space 83456K, 11% used [0x0000000080000000,0x000000008093c608,0x0000000085180000)
 Metaspace       used 20570K, capacity 21216K, committed 21296K, reserved 1067008K
  class space    used 2882K, capacity 3074K, committed 3120K, reserved 1048576K
Event: 4,881 GC heap after
Heap after GC invocations=7 (full 1):
 PSYoungGen      total 135680K, used 0K [0x00000000d5580000, 0x00000000de580000, 0x0000000100000000)
  eden space 124928K, 0% used [0x00000000d5580000,0x00000000d5580000,0x00000000dcf80000)
  from space 10752K, 0% used [0x00000000ddb00000,0x00000000ddb00000,0x00000000de580000)
  to   space 11264K, 0% used [0x00000000dcf80000,0x00000000dcf80000,0x00000000dda80000)
 ParOldGen       total 50688K, used 6918K [0x0000000080000000, 0x0000000083180000, 0x00000000d5580000)
  object space 50688K, 13% used [0x0000000080000000,0x00000000806c1bb8,0x0000000083180000)
 Metaspace       used 20570K, capacity 21216K, committed 21296K, reserved 1067008K
  class space    used 2882K, capacity 3074K, committed 3120K, reserved 1048576K
}
Event: 7,819 GC heap before
{Heap before GC invocations=8 (full 1):
 PSYoungGen      total 135680K, used 124928K [0x00000000d5580000, 0x00000000de580000, 0x0000000100000000)
  eden space 124928K, 100% used [0x00000000d5580000,0x00000000dcf80000,0x00000000dcf80000)
  from space 10752K, 0% used [0x00000000ddb00000,0x00000000ddb00000,0x00000000de580000)
  to   space 11264K, 0% used [0x00000000dcf80000,0x00000000dcf80000,0x00000000dda80000)
 ParOldGen       total 50688K, used 6918K [0x0000000080000000, 0x0000000083180000, 0x00000000d5580000)
  object space 50688K, 13% used [0x0000000080000000,0x00000000806c1bb8,0x0000000083180000)
 Metaspace       used 32456K, capacity 33480K, committed 33712K, reserved 1079296K
  class space    used 4414K, capacity 4686K, committed 4784K, reserved 1048576K
Event: 7,851 GC heap after
Heap after GC invocations=8 (full 1):
 PSYoungGen      total 136192K, used 11245K [0x00000000d5580000, 0x00000000e4580000, 0x0000000100000000)
  eden space 124928K, 0% used [0x00000000d5580000,0x00000000d5580000,0x00000000dcf80000)
  from space 11264K, 99% used [0x00000000dcf80000,0x00000000dda7b4f8,0x00000000dda80000)
  to   space 14336K, 0% used [0x00000000e3780000,0x00000000e3780000,0x00000000e4580000)
 ParOldGen       total 50688K, used 9435K [0x0000000080000000, 0x0000000083180000, 0x00000000d5580000)
  object space 50688K, 18% used [0x0000000080000000,0x0000000080936db8,0x0000000083180000)
 Metaspace       used 32456K, capacity 33480K, committed 33712K, reserved 1079296K
  class space    used 4414K, capacity 4686K, committed 4784K, reserved 1048576K
}
Event: 8,744 GC heap before
{Heap before GC invocations=9 (full 1):
 PSYoungGen      total 136192K, used 55487K [0x00000000d5580000, 0x00000000e4580000, 0x0000000100000000)
  eden space 124928K, 35% used [0x00000000d5580000,0x00000000d80b4940,0x00000000dcf80000)
  from space 11264K, 99% used [0x00000000dcf80000,0x00000000dda7b4f8,0x00000000dda80000)
  to   space 14336K, 0% used [0x00000000e3780000,0x00000000e3780000,0x00000000e4580000)
 ParOldGen       total 50688K, used 9435K [0x0000000080000000, 0x0000000083180000, 0x00000000d5580000)
  object space 50688K, 18% used [0x0000000080000000,0x0000000080936db8,0x0000000083180000)
 Metaspace       used 34232K, capacity 35386K, committed 35496K, reserved 1079296K
  class space    used 4701K, capacity 4970K, committed 5040K, reserved 1048576K
Event: 8,769 GC heap after
Heap after GC invocations=9 (full 1):
 PSYoungGen      total 228352K, used 9060K [0x00000000d5580000, 0x00000000e4400000, 0x0000000100000000)
  eden space 215552K, 0% used [0x00000000d5580000,0x00000000d5580000,0x00000000e2800000)
  from space 12800K, 70% used [0x00000000e3780000,0x00000000e4059148,0x00000000e4400000)
  to   space 14336K, 0% used [0x00000000e2800000,0x00000000e2800000,0x00000000e3600000)
 ParOldGen       total 50688K, used 9443K [0x0000000080000000, 0x0000000083180000, 0x00000000d5580000)
  object space 50688K, 18% used [0x0000000080000000,0x0000000080938db8,0x0000000083180000)
 Metaspace       used 34232K, capacity 35386K, committed 35496K, reserved 1079296K
  class space    used 4701K, capacity 4970K, committed 5040K, reserved 1048576K
}
Event: 8,769 GC heap before
{Heap before GC invocations=10 (full 2):
 PSYoungGen      total 228352K, used 9060K [0x00000000d5580000, 0x00000000e4400000, 0x0000000100000000)
  eden space 215552K, 0% used [0x00000000d5580000,0x00000000d5580000,0x00000000e2800000)
  from space 12800K, 70% used [0x00000000e3780000,0x00000000e4059148,0x00000000e4400000)
  to   space 14336K, 0% used [0x00000000e2800000,0x00000000e2800000,0x00000000e3600000)
 ParOldGen       total 50688K, used 9443K [0x0000000080000000, 0x0000000083180000, 0x00000000d5580000)
  object space 50688K, 18% used [0x0000000080000000,0x0000000080938db8,0x0000000083180000)
 Metaspace       used 34232K, capacity 35386K, committed 35496K, reserved 1079296K
  class space    used 4701K, capacity 4970K, committed 5040K, reserved 1048576K
Event: 8,929 GC heap after
Heap after GC invocations=10 (full 2):
 PSYoungGen      total 228352K, used 0K [0x00000000d5580000, 0x00000000e4400000, 0x0000000100000000)
  eden space 215552K, 0% used [0x00000000d5580000,0x00000000d5580000,0x00000000e2800000)
  from space 12800K, 0% used [0x00000000e3780000,0x00000000e3780000,0x00000000e4400000)
  to   space 14336K, 0% used [0x00000000e2800000,0x00000000e2800000,0x00000000e3600000)
 ParOldGen       total 76288K, used 15417K [0x0000000080000000, 0x0000000084a80000, 0x00000000d5580000)
  object space 76288K, 20% used [0x0000000080000000,0x0000000080f0e738,0x0000000084a80000)
 Metaspace       used 34232K, capacity 35386K, committed 35496K, reserved 1079296K
  class space    used 4701K, capacity 4970K, committed 5040K, reserved 1048576K
}
Event: 14,346 GC heap before
{Heap before GC invocations=11 (full 2):
 PSYoungGen      total 228352K, used 215552K [0x00000000d5580000, 0x00000000e4400000, 0x0000000100000000)
  eden space 215552K, 100% used [0x00000000d5580000,0x00000000e2800000,0x00000000e2800000)
  from space 12800K, 0% used [0x00000000e3780000,0x00000000e3780000,0x00000000e4400000)
  to   space 14336K, 0% used [0x00000000e2800000,0x00000000e2800000,0x00000000e3600000)
 ParOldGen       total 76288K, used 15417K [0x0000000080000000, 0x0000000084a80000, 0x00000000d5580000)
  object space 76288K, 20% used [0x0000000080000000,0x0000000080f0e738,0x0000000084a80000)
 Metaspace       used 45314K, capacity 47044K, committed 47144K, reserved 1089536K
  class space    used 6106K, capacity 6440K, committed 6448K, reserved 1048576K

