# JRE version: OpenJDK Runtime Environment (8.0_242) (build 1.8.0_242-release-1644-b3-6222593)
# Java VM: OpenJDK 64-Bit Server VM (25.242-b3-6222593 mixed mode linux-amd64 compressed oops)
Heap:
 PSYoungGen      total 306688K, used 25069K [0x00000000d5580000, 0x00000000e9a00000, 0x0000000100000000)
  eden space 281600K, 0% used [0x00000000d5580000,0x00000000d5580000,0x00000000e6880000)
  from space 25088K, 99% used [0x00000000e6900000,0x00000000e817b4c8,0x00000000e8180000)
  to   space 22016K, 0% used [0x00000000e8480000,0x00000000e8480000,0x00000000e9a00000)
 ParOldGen       total 103424K, used 59023K [0x0000000080000000, 0x0000000086500000, 0x00000000d5580000)
  object space 103424K, 57% used [0x0000000080000000,0x00000000839a3ce0,0x0000000086500000)
 Metaspace       used 89527K, capacity 93748K, committed 93992K, reserved 1130496K
  class space    used 12205K, capacity 12986K, committed 13104K, reserved 1048576K
GC Heap History (10 events):
Event: 25,791 GC heap after
Heap after GC invocations=13 (full 2):
 PSYoungGen      total 185344K, used 12778K [0x00000000d5580000, 0x00000000e5200000, 0x0000000100000000)
  eden space 172544K, 0% used [0x00000000d5580000,0x00000000d5580000,0x00000000dfe00000)
  from space 12800K, 99% used [0x00000000dfe00000,0x00000000e0a7aa80,0x00000000e0a80000)
  to   space 19456K, 0% used [0x00000000e3f00000,0x00000000e3f00000,0x00000000e5200000)
 ParOldGen       total 69120K, used 31183K [0x0000000080000000, 0x0000000084380000, 0x00000000d5580000)
  object space 69120K, 45% used [0x0000000080000000,0x0000000081e73e78,0x0000000084380000)
 Metaspace       used 53207K, capacity 55144K, committed 55464K, reserved 1097728K
  class space    used 7068K, capacity 7512K, committed 7600K, reserved 1048576K
}
Event: 26,842 GC heap before
{Heap before GC invocations=14 (full 2):
 PSYoungGen      total 185344K, used 45758K [0x00000000d5580000, 0x00000000e5200000, 0x0000000100000000)
  eden space 172544K, 19% used [0x00000000d5580000,0x00000000d75b4de0,0x00000000dfe00000)
  from space 12800K, 99% used [0x00000000dfe00000,0x00000000e0a7aa80,0x00000000e0a80000)
  to   space 19456K, 0% used [0x00000000e3f00000,0x00000000e3f00000,0x00000000e5200000)
 ParOldGen       total 69120K, used 31183K [0x0000000080000000, 0x0000000084380000, 0x00000000d5580000)
  object space 69120K, 45% used [0x0000000080000000,0x0000000081e73e78,0x0000000084380000)
 Metaspace       used 56795K, capacity 59014K, committed 59160K, reserved 1099776K
  class space    used 7691K, capacity 8138K, committed 8240K, reserved 1048576K
Event: 26,886 GC heap after
Heap after GC invocations=14 (full 2):
 PSYoungGen      total 239616K, used 4857K [0x00000000d5580000, 0x00000000e5b00000, 0x0000000100000000)
  eden space 220160K, 0% used [0x00000000d5580000,0x00000000d5580000,0x00000000e2c80000)
  from space 19456K, 24% used [0x00000000e3f00000,0x00000000e43be790,0x00000000e5200000)
  to   space 18944K, 0% used [0x00000000e2c80000,0x00000000e2c80000,0x00000000e3f00000)
 ParOldGen       total 69120K, used 41732K [0x0000000080000000, 0x0000000084380000, 0x00000000d5580000)
  object space 69120K, 60% used [0x0000000080000000,0x00000000828c1240,0x0000000084380000)
 Metaspace       used 56795K, capacity 59014K, committed 59160K, reserved 1099776K
  class space    used 7691K, capacity 8138K, committed 8240K, reserved 1048576K
}
Event: 26,886 GC heap before
{Heap before GC invocations=15 (full 3):
 PSYoungGen      total 239616K, used 4857K [0x00000000d5580000, 0x00000000e5b00000, 0x0000000100000000)
  eden space 220160K, 0% used [0x00000000d5580000,0x00000000d5580000,0x00000000e2c80000)
  from space 19456K, 24% used [0x00000000e3f00000,0x00000000e43be790,0x00000000e5200000)
  to   space 18944K, 0% used [0x00000000e2c80000,0x00000000e2c80000,0x00000000e3f00000)
 ParOldGen       total 69120K, used 41732K [0x0000000080000000, 0x0000000084380000, 0x00000000d5580000)
  object space 69120K, 60% used [0x0000000080000000,0x00000000828c1240,0x0000000084380000)
 Metaspace       used 56795K, capacity 59014K, committed 59160K, reserved 1099776K
  class space    used 7691K, capacity 8138K, committed 8240K, reserved 1048576K
Event: 27,193 GC heap after
Heap after GC invocations=15 (full 3):
 PSYoungGen      total 239616K, used 0K [0x00000000d5580000, 0x00000000e5b00000, 0x0000000100000000)
  eden space 220160K, 0% used [0x00000000d5580000,0x00000000d5580000,0x00000000e2c80000)
  from space 19456K, 0% used [0x00000000e3f00000,0x00000000e3f00000,0x00000000e5200000)
  to   space 18944K, 0% used [0x00000000e2c80000,0x00000000e2c80000,0x00000000e3f00000)
 ParOldGen       total 103424K, used 32993K [0x0000000080000000, 0x0000000086500000, 0x00000000d5580000)
  object space 103424K, 31% used [0x0000000080000000,0x0000000082038718,0x0000000086500000)
 Metaspace       used 56795K, capacity 59014K, committed 59160K, reserved 1099776K
  class space    used 7691K, capacity 8138K, committed 8240K, reserved 1048576K
}
Event: 33,233 GC heap before
{Heap before GC invocations=16 (full 3):
 PSYoungGen      total 239616K, used 220160K [0x00000000d5580000, 0x00000000e5b00000, 0x0000000100000000)
  eden space 220160K, 100% used [0x00000000d5580000,0x00000000e2c80000,0x00000000e2c80000)
  from space 19456K, 0% used [0x00000000e3f00000,0x00000000e3f00000,0x00000000e5200000)
  to   space 18944K, 0% used [0x00000000e2c80000,0x00000000e2c80000,0x00000000e3f00000)
 ParOldGen       total 103424K, used 32993K [0x0000000080000000, 0x0000000086500000, 0x00000000d5580000)
  object space 103424K, 31% used [0x0000000080000000,0x0000000082038718,0x0000000086500000)
 Metaspace       used 66034K, capacity 68846K, committed 69032K, reserved 1107968K
  class space    used 9027K, capacity 9626K, committed 9648K, reserved 1048576K
Event: 33,290 GC heap after
Heap after GC invocations=16 (full 3):
 PSYoungGen      total 239104K, used 18933K [0x00000000d5580000, 0x00000000e9a00000, 0x0000000100000000)
  eden space 220160K, 0% used [0x00000000d5580000,0x00000000d5580000,0x00000000e2c80000)
  from space 18944K, 99% used [0x00000000e2c80000,0x00000000e3efd620,0x00000000e3f00000)
  to   space 22016K, 0% used [0x00000000e8480000,0x00000000e8480000,0x00000000e9a00000)
 ParOldGen       total 103424K, used 33465K [0x0000000080000000, 0x0000000086500000, 0x00000000d5580000)
  object space 103424K, 32% used [0x0000000080000000,0x00000000820ae5b0,0x0000000086500000)
 Metaspace       used 66034K, capacity 68846K, committed 69032K, reserved 1107968K
  class space    used 9027K, capacity 9626K, committed 9648K, reserved 1048576K
}
Event: 47,005 GC heap before
{Heap before GC invocations=17 (full 3):
 PSYoungGen      total 239104K, used 239093K [0x00000000d5580000, 0x00000000e9a00000, 0x0000000100000000)
  eden space 220160K, 100% used [0x00000000d5580000,0x00000000e2c80000,0x00000000e2c80000)
  from space 18944K, 99% used [0x00000000e2c80000,0x00000000e3efd620,0x00000000e3f00000)
  to   space 22016K, 0% used [0x00000000e8480000,0x00000000e8480000,0x00000000e9a00000)
 ParOldGen       total 103424K, used 33465K [0x0000000080000000, 0x0000000086500000, 0x00000000d5580000)
  object space 103424K, 32% used [0x0000000080000000,0x00000000820ae5b0,0x0000000086500000)
 Metaspace       used 74740K, capacity 77906K, committed 78120K, reserved 1116160K
  class space    used 10206K, capacity 10787K, committed 10800K, reserved 1048576K
Event: 47,122 GC heap after
Heap after GC invocations=17 (full 3):
 PSYoungGen      total 303616K, used 21945K [0x00000000d5580000, 0x00000000e9a00000, 0x0000000100000000)
  eden space 281600K, 0% used [0x00000000d5580000,0x00000000d5580000,0x00000000e6880000)
  from space 22016K, 99% used [0x00000000e8480000,0x00000000e99ee638,0x00000000e9a00000)
  to   space 25088K, 0% used [0x00000000e6900000,0x00000000e6900000,0x00000000e8180000)
 ParOldGen       total 103424K, used 46099K [0x0000000080000000, 0x0000000086500000, 0x00000000d5580000)
  object space 103424K, 44% used [0x0000000080000000,0x0000000082d04f98,0x0000000086500000)
 Metaspace       used 74740K, capacity 77906K, committed 78120K, reserved 1116160K
  class space    used 10206K, capacity 10787K, committed 10800K, reserved 1048576K
}
Event: 57,685 GC heap before
{Heap before GC invocations=18 (full 3):
 PSYoungGen      total 303616K, used 303545K [0x00000000d5580000, 0x00000000e9a00000, 0x0000000100000000)
  eden space 281600K, 100% used [0x00000000d5580000,0x00000000e6880000,0x00000000e6880000)
  from space 22016K, 99% used [0x00000000e8480000,0x00000000e99ee638,0x00000000e9a00000)
  to   space 25088K, 0% used [0x00000000e6900000,0x00000000e6900000,0x00000000e8180000)
 ParOldGen       total 103424K, used 46099K [0x0000000080000000, 0x0000000086500000, 0x00000000d5580000)
  object space 103424K, 44% used [0x0000000080000000,0x0000000082d04f98,0x0000000086500000)
 Metaspace       used 89527K, capacity 93748K, committed 93992K, reserved 1130496K
  class space    used 12205K, capacity 12986K, committed 13104K, reserved 1048576K

