# JRE version: OpenJDK Runtime Environment (8.0_242) (build 1.8.0_242-release-1644-b3-6222593)
# Java VM: OpenJDK 64-Bit Server VM (25.242-b3-6222593 mixed mode linux-amd64 compressed oops)
Heap:
 PSYoungGen      total 335360K, used 23535K [0x00000000d5580000, 0x00000000eb400000, 0x0000000100000000)
  eden space 311808K, 0% used [0x00000000d5580000,0x00000000d5580000,0x00000000e8600000)
  from space 23552K, 99% used [0x00000000e8600000,0x00000000e9cfbde0,0x00000000e9d00000)
  to   space 17920K, 0% used [0x00000000e9d00000,0x00000000e9d00000,0x00000000eae80000)
 ParOldGen       total 104960K, used 39261K [0x0000000080000000, 0x0000000086680000, 0x00000000d5580000)
  object space 104960K, 37% used [0x0000000080000000,0x0000000082657528,0x0000000086680000)
 Metaspace       used 70224K, capacity 73222K, committed 73496K, reserved 1112064K
  class space    used 9554K, capacity 10152K, committed 10272K, reserved 1048576K
GC Heap History (10 events):
Event: 8,104 GC heap after
Heap after GC invocations=9 (full 1):
 PSYoungGen      total 241152K, used 9171K [0x00000000d5580000, 0x00000000e4f80000, 0x0000000100000000)
  eden space 227328K, 0% used [0x00000000d5580000,0x00000000d5580000,0x00000000e3380000)
  from space 13824K, 66% used [0x00000000e4200000,0x00000000e4af4c80,0x00000000e4f80000)
  to   space 14336K, 0% used [0x00000000e3380000,0x00000000e3380000,0x00000000e4180000)
 ParOldGen       total 48128K, used 9364K [0x0000000080000000, 0x0000000082f00000, 0x00000000d5580000)
  object space 48128K, 19% used [0x0000000080000000,0x00000000809253d0,0x0000000082f00000)
 Metaspace       used 34275K, capacity 35378K, committed 35496K, reserved 1079296K
  class space    used 4709K, capacity 4970K, committed 5040K, reserved 1048576K
}
Event: 8,104 GC heap before
{Heap before GC invocations=10 (full 2):
 PSYoungGen      total 241152K, used 9171K [0x00000000d5580000, 0x00000000e4f80000, 0x0000000100000000)
  eden space 227328K, 0% used [0x00000000d5580000,0x00000000d5580000,0x00000000e3380000)
  from space 13824K, 66% used [0x00000000e4200000,0x00000000e4af4c80,0x00000000e4f80000)
  to   space 14336K, 0% used [0x00000000e3380000,0x00000000e3380000,0x00000000e4180000)
 ParOldGen       total 48128K, used 9364K [0x0000000080000000, 0x0000000082f00000, 0x00000000d5580000)
  object space 48128K, 19% used [0x0000000080000000,0x00000000809253d0,0x0000000082f00000)
 Metaspace       used 34275K, capacity 35378K, committed 35496K, reserved 1079296K
  class space    used 4709K, capacity 4970K, committed 5040K, reserved 1048576K
Event: 8,224 GC heap after
Heap after GC invocations=10 (full 2):
 PSYoungGen      total 241152K, used 0K [0x00000000d5580000, 0x00000000e4f80000, 0x0000000100000000)
  eden space 227328K, 0% used [0x00000000d5580000,0x00000000d5580000,0x00000000e3380000)
  from space 13824K, 0% used [0x00000000e4200000,0x00000000e4200000,0x00000000e4f80000)
  to   space 14336K, 0% used [0x00000000e3380000,0x00000000e3380000,0x00000000e4180000)
 ParOldGen       total 67584K, used 15466K [0x0000000080000000, 0x0000000084200000, 0x00000000d5580000)
  object space 67584K, 22% used [0x0000000080000000,0x0000000080f1a928,0x0000000084200000)
 Metaspace       used 34275K, capacity 35378K, committed 35496K, reserved 1079296K
  class space    used 4709K, capacity 4970K, committed 5040K, reserved 1048576K
}
Event: 12,493 GC heap before
{Heap before GC invocations=11 (full 2):
 PSYoungGen      total 241152K, used 227328K [0x00000000d5580000, 0x00000000e4f80000, 0x0000000100000000)
  eden space 227328K, 100% used [0x00000000d5580000,0x00000000e3380000,0x00000000e3380000)
  from space 13824K, 0% used [0x00000000e4200000,0x00000000e4200000,0x00000000e4f80000)
  to   space 14336K, 0% used [0x00000000e3380000,0x00000000e3380000,0x00000000e4180000)
 ParOldGen       total 67584K, used 15466K [0x0000000080000000, 0x0000000084200000, 0x00000000d5580000)
  object space 67584K, 22% used [0x0000000080000000,0x0000000080f1a928,0x0000000084200000)
 Metaspace       used 45282K, capacity 47034K, committed 47144K, reserved 1089536K
  class space    used 6101K, capacity 6439K, committed 6448K, reserved 1048576K
Event: 12,531 GC heap after
Heap after GC invocations=11 (full 2):
 PSYoungGen      total 241664K, used 14326K [0x00000000d5580000, 0x00000000eae80000, 0x0000000100000000)
  eden space 227328K, 0% used [0x00000000d5580000,0x00000000d5580000,0x00000000e3380000)
  from space 14336K, 99% used [0x00000000e3380000,0x00000000e417dbf8,0x00000000e4180000)
  to   space 17920K, 0% used [0x00000000e9d00000,0x00000000e9d00000,0x00000000eae80000)
 ParOldGen       total 67584K, used 19669K [0x0000000080000000, 0x0000000084200000, 0x00000000d5580000)
  object space 67584K, 29% used [0x0000000080000000,0x0000000081335608,0x0000000084200000)
 Metaspace       used 45282K, capacity 47034K, committed 47144K, reserved 1089536K
  class space    used 6101K, capacity 6439K, committed 6448K, reserved 1048576K
}
Event: 16,046 GC heap before
{Heap before GC invocations=12 (full 2):
 PSYoungGen      total 241664K, used 159916K [0x00000000d5580000, 0x00000000eae80000, 0x0000000100000000)
  eden space 227328K, 64% used [0x00000000d5580000,0x00000000de3ad588,0x00000000e3380000)
  from space 14336K, 99% used [0x00000000e3380000,0x00000000e417dbf8,0x00000000e4180000)
  to   space 17920K, 0% used [0x00000000e9d00000,0x00000000e9d00000,0x00000000eae80000)
 ParOldGen       total 67584K, used 19669K [0x0000000080000000, 0x0000000084200000, 0x00000000d5580000)
  object space 67584K, 29% used [0x0000000080000000,0x0000000081335608,0x0000000084200000)
 Metaspace       used 56906K, capacity 59028K, committed 59160K, reserved 1099776K
  class space    used 7692K, capacity 8139K, committed 8224K, reserved 1048576K
Event: 16,105 GC heap after
Heap after GC invocations=12 (full 2):
 PSYoungGen      total 329728K, used 17909K [0x00000000d5580000, 0x00000000eb400000, 0x0000000100000000)
  eden space 311808K, 0% used [0x00000000d5580000,0x00000000d5580000,0x00000000e8600000)
  from space 17920K, 99% used [0x00000000e9d00000,0x00000000eae7d480,0x00000000eae80000)
  to   space 23552K, 0% used [0x00000000e8600000,0x00000000e8600000,0x00000000e9d00000)
 ParOldGen       total 67584K, used 27984K [0x0000000080000000, 0x0000000084200000, 0x00000000d5580000)
  object space 67584K, 41% used [0x0000000080000000,0x0000000081b543f0,0x0000000084200000)
 Metaspace       used 56906K, capacity 59028K, committed 59160K, reserved 1099776K
  class space    used 7692K, capacity 8139K, committed 8224K, reserved 1048576K
}
Event: 16,105 GC heap before
{Heap before GC invocations=13 (full 3):
 PSYoungGen      total 329728K, used 17909K [0x00000000d5580000, 0x00000000eb400000, 0x0000000100000000)
  eden space 311808K, 0% used [0x00000000d5580000,0x00000000d5580000,0x00000000e8600000)
  from space 17920K, 99% used [0x00000000e9d00000,0x00000000eae7d480,0x00000000eae80000)
  to   space 23552K, 0% used [0x00000000e8600000,0x00000000e8600000,0x00000000e9d00000)
 ParOldGen       total 67584K, used 27984K [0x0000000080000000, 0x0000000084200000, 0x00000000d5580000)
  object space 67584K, 41% used [0x0000000080000000,0x0000000081b543f0,0x0000000084200000)
 Metaspace       used 56906K, capacity 59028K, committed 59160K, reserved 1099776K
  class space    used 7692K, capacity 8139K, committed 8224K, reserved 1048576K
Event: 16,386 GC heap after
Heap after GC invocations=13 (full 3):
 PSYoungGen      total 329728K, used 0K [0x00000000d5580000, 0x00000000eb400000, 0x0000000100000000)
  eden space 311808K, 0% used [0x00000000d5580000,0x00000000d5580000,0x00000000e8600000)
  from space 17920K, 0% used [0x00000000e9d00000,0x00000000e9d00000,0x00000000eae80000)
  to   space 23552K, 0% used [0x00000000e8600000,0x00000000e8600000,0x00000000e9d00000)
 ParOldGen       total 104960K, used 38504K [0x0000000080000000, 0x0000000086680000, 0x00000000d5580000)
  object space 104960K, 36% used [0x0000000080000000,0x000000008259a230,0x0000000086680000)
 Metaspace       used 56905K, capacity 59022K, committed 59160K, reserved 1099776K
  class space    used 7691K, capacity 8138K, committed 8224K, reserved 1048576K
}
Event: 26,083 GC heap before
{Heap before GC invocations=14 (full 3):
 PSYoungGen      total 329728K, used 311808K [0x00000000d5580000, 0x00000000eb400000, 0x0000000100000000)
  eden space 311808K, 100% used [0x00000000d5580000,0x00000000e8600000,0x00000000e8600000)
  from space 17920K, 0% used [0x00000000e9d00000,0x00000000e9d00000,0x00000000eae80000)
  to   space 23552K, 0% used [0x00000000e8600000,0x00000000e8600000,0x00000000e9d00000)
 ParOldGen       total 104960K, used 38504K [0x0000000080000000, 0x0000000086680000, 0x00000000d5580000)
  object space 104960K, 36% used [0x0000000080000000,0x000000008259a230,0x0000000086680000)
 Metaspace       used 70224K, capacity 73222K, committed 73496K, reserved 1112064K
  class space    used 9554K, capacity 10152K, committed 10272K, reserved 1048576K

