# JRE version: OpenJDK Runtime Environment (8.0_242) (build 1.8.0_242-release-1644-b3-6222593)
# Java VM: OpenJDK 64-Bit Server VM (25.242-b3-6222593 mixed mode linux-amd64 compressed oops)
Heap:
 PSYoungGen      total 327168K, used 23527K [0x00000000d5580000, 0x00000000eac00000, 0x0000000100000000)
  eden space 303616K, 0% used [0x00000000d5580000,0x00000000d5580000,0x00000000e7e00000)
  from space 23552K, 99% used [0x00000000e7e00000,0x00000000e94f9f88,0x00000000e9500000)
  to   space 18432K, 0% used [0x00000000e9600000,0x00000000e9600000,0x00000000ea800000)
 ParOldGen       total 109568K, used 41223K [0x0000000080000000, 0x0000000086b00000, 0x00000000d5580000)
  object space 109568K, 37% used [0x0000000080000000,0x0000000082841e60,0x0000000086b00000)
 Metaspace       used 68913K, capacity 71846K, committed 71960K, reserved 1112064K
  class space    used 9394K, capacity 9976K, committed 10016K, reserved 1048576K
GC Heap History (10 events):
Event: 7,953 GC heap after
Heap after GC invocations=9 (full 1):
 PSYoungGen      total 242176K, used 9280K [0x00000000d5580000, 0x00000000e5000000, 0x0000000100000000)
  eden space 227840K, 0% used [0x00000000d5580000,0x00000000d5580000,0x00000000e3400000)
  from space 14336K, 64% used [0x00000000e4200000,0x00000000e4b10218,0x00000000e5000000)
  to   space 14336K, 0% used [0x00000000e3400000,0x00000000e3400000,0x00000000e4200000)
 ParOldGen       total 48128K, used 9462K [0x0000000080000000, 0x0000000082f00000, 0x00000000d5580000)
  object space 48128K, 19% used [0x0000000080000000,0x000000008093d990,0x0000000082f00000)
 Metaspace       used 34300K, capacity 35378K, committed 35496K, reserved 1079296K
  class space    used 4713K, capacity 4972K, committed 5040K, reserved 1048576K
}
Event: 7,953 GC heap before
{Heap before GC invocations=10 (full 2):
 PSYoungGen      total 242176K, used 9280K [0x00000000d5580000, 0x00000000e5000000, 0x0000000100000000)
  eden space 227840K, 0% used [0x00000000d5580000,0x00000000d5580000,0x00000000e3400000)
  from space 14336K, 64% used [0x00000000e4200000,0x00000000e4b10218,0x00000000e5000000)
  to   space 14336K, 0% used [0x00000000e3400000,0x00000000e3400000,0x00000000e4200000)
 ParOldGen       total 48128K, used 9462K [0x0000000080000000, 0x0000000082f00000, 0x00000000d5580000)
  object space 48128K, 19% used [0x0000000080000000,0x000000008093d990,0x0000000082f00000)
 Metaspace       used 34300K, capacity 35378K, committed 35496K, reserved 1079296K
  class space    used 4713K, capacity 4972K, committed 5040K, reserved 1048576K
Event: 8,112 GC heap after
Heap after GC invocations=10 (full 2):
 PSYoungGen      total 242176K, used 0K [0x00000000d5580000, 0x00000000e5000000, 0x0000000100000000)
  eden space 227840K, 0% used [0x00000000d5580000,0x00000000d5580000,0x00000000e3400000)
  from space 14336K, 0% used [0x00000000e4200000,0x00000000e4200000,0x00000000e5000000)
  to   space 14336K, 0% used [0x00000000e3400000,0x00000000e3400000,0x00000000e4200000)
 ParOldGen       total 69632K, used 15627K [0x0000000080000000, 0x0000000084400000, 0x00000000d5580000)
  object space 69632K, 22% used [0x0000000080000000,0x0000000080f42f00,0x0000000084400000)
 Metaspace       used 34300K, capacity 35378K, committed 35496K, reserved 1079296K
  class space    used 4713K, capacity 4972K, committed 5040K, reserved 1048576K
}
Event: 12,109 GC heap before
{Heap before GC invocations=11 (full 2):
 PSYoungGen      total 242176K, used 227840K [0x00000000d5580000, 0x00000000e5000000, 0x0000000100000000)
  eden space 227840K, 100% used [0x00000000d5580000,0x00000000e3400000,0x00000000e3400000)
  from space 14336K, 0% used [0x00000000e4200000,0x00000000e4200000,0x00000000e5000000)
  to   space 14336K, 0% used [0x00000000e3400000,0x00000000e3400000,0x00000000e4200000)
 ParOldGen       total 69632K, used 15627K [0x0000000080000000, 0x0000000084400000, 0x00000000d5580000)
  object space 69632K, 22% used [0x0000000080000000,0x0000000080f42f00,0x0000000084400000)
 Metaspace       used 45310K, capacity 47094K, committed 47400K, reserved 1089536K
  class space    used 6103K, capacity 6439K, committed 6448K, reserved 1048576K
Event: 12,148 GC heap after
Heap after GC invocations=11 (full 2):
 PSYoungGen      total 242176K, used 14324K [0x00000000d5580000, 0x00000000ea800000, 0x0000000100000000)
  eden space 227840K, 0% used [0x00000000d5580000,0x00000000d5580000,0x00000000e3400000)
  from space 14336K, 99% used [0x00000000e3400000,0x00000000e41fd020,0x00000000e4200000)
  to   space 18432K, 0% used [0x00000000e9600000,0x00000000e9600000,0x00000000ea800000)
 ParOldGen       total 69632K, used 20194K [0x0000000080000000, 0x0000000084400000, 0x00000000d5580000)
  object space 69632K, 29% used [0x0000000080000000,0x00000000813b8a98,0x0000000084400000)
 Metaspace       used 45310K, capacity 47094K, committed 47400K, reserved 1089536K
  class space    used 6103K, capacity 6439K, committed 6448K, reserved 1048576K
}
Event: 15,380 GC heap before
{Heap before GC invocations=12 (full 2):
 PSYoungGen      total 242176K, used 157553K [0x00000000d5580000, 0x00000000ea800000, 0x0000000100000000)
  eden space 227840K, 62% used [0x00000000d5580000,0x00000000de15f550,0x00000000e3400000)
  from space 14336K, 99% used [0x00000000e3400000,0x00000000e41fd020,0x00000000e4200000)
  to   space 18432K, 0% used [0x00000000e9600000,0x00000000e9600000,0x00000000ea800000)
 ParOldGen       total 69632K, used 20194K [0x0000000080000000, 0x0000000084400000, 0x00000000d5580000)
  object space 69632K, 29% used [0x0000000080000000,0x00000000813b8a98,0x0000000084400000)
 Metaspace       used 56845K, capacity 59024K, committed 59160K, reserved 1099776K
  class space    used 7690K, capacity 8139K, committed 8224K, reserved 1048576K
Event: 15,424 GC heap after
Heap after GC invocations=12 (full 2):
 PSYoungGen      total 322048K, used 18411K [0x00000000d5580000, 0x00000000eac00000, 0x0000000100000000)
  eden space 303616K, 0% used [0x00000000d5580000,0x00000000d5580000,0x00000000e7e00000)
  from space 18432K, 99% used [0x00000000e9600000,0x00000000ea7faf00,0x00000000ea800000)
  to   space 23552K, 0% used [0x00000000e7e00000,0x00000000e7e00000,0x00000000e9500000)
 ParOldGen       total 69632K, used 28157K [0x0000000080000000, 0x0000000084400000, 0x00000000d5580000)
  object space 69632K, 40% used [0x0000000080000000,0x0000000081b7f6f0,0x0000000084400000)
 Metaspace       used 56845K, capacity 59024K, committed 59160K, reserved 1099776K
  class space    used 7690K, capacity 8139K, committed 8224K, reserved 1048576K
}
Event: 15,424 GC heap before
{Heap before GC invocations=13 (full 3):
 PSYoungGen      total 322048K, used 18411K [0x00000000d5580000, 0x00000000eac00000, 0x0000000100000000)
  eden space 303616K, 0% used [0x00000000d5580000,0x00000000d5580000,0x00000000e7e00000)
  from space 18432K, 99% used [0x00000000e9600000,0x00000000ea7faf00,0x00000000ea800000)
  to   space 23552K, 0% used [0x00000000e7e00000,0x00000000e7e00000,0x00000000e9500000)
 ParOldGen       total 69632K, used 28157K [0x0000000080000000, 0x0000000084400000, 0x00000000d5580000)
  object space 69632K, 40% used [0x0000000080000000,0x0000000081b7f6f0,0x0000000084400000)
 Metaspace       used 56845K, capacity 59024K, committed 59160K, reserved 1099776K
  class space    used 7690K, capacity 8139K, committed 8224K, reserved 1048576K
Event: 15,718 GC heap after
Heap after GC invocations=13 (full 3):
 PSYoungGen      total 322048K, used 0K [0x00000000d5580000, 0x00000000eac00000, 0x0000000100000000)
  eden space 303616K, 0% used [0x00000000d5580000,0x00000000d5580000,0x00000000e7e00000)
  from space 18432K, 0% used [0x00000000e9600000,0x00000000e9600000,0x00000000ea800000)
  to   space 23552K, 0% used [0x00000000e7e00000,0x00000000e7e00000,0x00000000e9500000)
 ParOldGen       total 109568K, used 38720K [0x0000000080000000, 0x0000000086b00000, 0x00000000d5580000)
  object space 109568K, 35% used [0x0000000080000000,0x00000000825d0230,0x0000000086b00000)
 Metaspace       used 56843K, capacity 59018K, committed 59160K, reserved 1099776K
  class space    used 7689K, capacity 8138K, committed 8224K, reserved 1048576K
}
Event: 22,846 GC heap before
{Heap before GC invocations=14 (full 3):
 PSYoungGen      total 322048K, used 303616K [0x00000000d5580000, 0x00000000eac00000, 0x0000000100000000)
  eden space 303616K, 100% used [0x00000000d5580000,0x00000000e7e00000,0x00000000e7e00000)
  from space 18432K, 0% used [0x00000000e9600000,0x00000000e9600000,0x00000000ea800000)
  to   space 23552K, 0% used [0x00000000e7e00000,0x00000000e7e00000,0x00000000e9500000)
 ParOldGen       total 109568K, used 38720K [0x0000000080000000, 0x0000000086b00000, 0x00000000d5580000)
  object space 109568K, 35% used [0x0000000080000000,0x00000000825d0230,0x0000000086b00000)
 Metaspace       used 68913K, capacity 71846K, committed 71960K, reserved 1112064K
  class space    used 9394K, capacity 9976K, committed 10016K, reserved 1048576K

